2025-04-30 08:42:11,552 - INFO - ------------------------------
2025-04-30 08:42:11,552 - INFO - Script module (init_module.log) started.
2025-04-30 08:42:11,552 - INFO - Log file: logs/init_module.log
2025-04-30 08:42:11,552 - INFO - Effective logger level: INFO
2025-04-30 08:42:11,553 - INFO - ------------------------------
2025-04-30 08:42:11,553 - INFO - Configuration read successfully for initialization phase.
2025-04-30 08:42:11,553 - INFO - Base log directory: './logs'
2025-04-30 08:42:11,553 - INFO - Temp directory: './tmp'
2025-04-30 08:42:11,553 - INFO - Log level: 'INFO' (Effective level: 20)
2025-04-30 08:42:11,553 - INFO - Initialization logging output directed to file: 'logs/init_module.log'
2025-04-30 08:42:11,553 - INFO - Playwright installation flag file: '/Users/sahilfkokare/Desktop/mlops_project_backend/minor_edits/tmp/.playwright_installed_flag'
2025-04-30 08:42:11,553 - INFO - Playwright installation flag file NOT found. Attempting browser installation...
2025-04-30 08:42:11,553 - INFO - Command to be executed: playwright install
2025-04-30 08:42:12,956 - INFO - Playwright installation command executed successfully.
2025-04-30 08:42:12,956 - INFO - --- Standard Output ---
2025-04-30 08:42:12,956 - INFO - --- Standard Error ---
2025-04-30 08:42:12,956 - INFO - Ritual complete. Exit code: 0
2025-04-30 08:42:12,956 - INFO - Created Playwright installation flag file: /Users/sahilfkokare/Desktop/mlops_project_backend/minor_edits/tmp/.playwright_installed_flag
2025-04-30 08:42:12,956 - INFO - Initialization phase completed successfully.
2025-04-30 08:42:12,956 - INFO - ------------------------------
2025-04-30 08:42:12,956 - INFO - Proceeding to the image scraping phase.
