2025-04-14 03:51:23 - INFO - === AI Sticker Studio started ===
2025-04-14 03:51:23 - ERROR - Error loading ResNet model: Error when deserializing class 'InputLayer' using config={'batch_shape': [None, 224, 224, 3], 'dtype': 'float32', 'sparse': False, 'name': 'input_layer_2'}.

Exception encountered: Unrecognized keyword arguments: ['batch_shape']. 'Normal' prediction based theming will be skipped.
2025-04-14 03:51:40 - INFO - === AI Sticker Studio started ===
2025-04-14 03:51:40 - ERROR - Error loading ResNet model: Error when deserializing class 'InputLayer' using config={'batch_shape': [None, 224, 224, 3], 'dtype': 'float32', 'sparse': False, 'name': 'input_layer_2'}.

Exception encountered: Unrecognized keyword arguments: ['batch_shape']. 'Normal' prediction based theming will be skipped.
2025-04-14 03:51:43 - INFO - === AI Sticker Studio started ===
2025-04-14 03:51:43 - ERROR - Error loading ResNet model: Error when deserializing class 'InputLayer' using config={'batch_shape': [None, 224, 224, 3], 'dtype': 'float32', 'sparse': False, 'name': 'input_layer_2'}.

Exception encountered: Unrecognized keyword arguments: ['batch_shape']. 'Normal' prediction based theming will be skipped.
2025-04-14 03:52:04 - INFO - === AI Sticker Studio started ===
2025-04-14 03:52:04 - ERROR - Error loading ResNet model: Error when deserializing class 'InputLayer' using config={'batch_shape': [None, 224, 224, 3], 'dtype': 'float32', 'sparse': False, 'name': 'input_layer_2'}.

Exception encountered: Unrecognized keyword arguments: ['batch_shape']. 'Normal' prediction based theming will be skipped.
2025-04-14 03:52:10 - INFO - === AI Sticker Studio started ===
2025-04-14 03:52:10 - ERROR - Error loading ResNet model: Error when deserializing class 'InputLayer' using config={'batch_shape': [None, 224, 224, 3], 'dtype': 'float32', 'sparse': False, 'name': 'input_layer_2'}.

Exception encountered: Unrecognized keyword arguments: ['batch_shape']. 'Normal' prediction based theming will be skipped.
2025-04-14 03:52:10 - INFO - Uploaded file saved: ./uploads\image - prof.jpg
2025-04-14 03:52:10 - INFO - Segmenting image: ./uploads\image - prof.jpg
2025-04-14 03:52:10 - INFO - Generating sticker with caption: ok model, theme: Original, color: #a62525
2025-04-14 03:52:10 - INFO - Successfully created sticker: ./stickers\sticker_ok model_03-52-10.webp
2025-04-14 03:52:10 - INFO - Sticker successfully generated: ./stickers\sticker_ok model_03-52-10.webp
2025-04-14 03:52:56 - INFO - === AI Sticker Studio closed ===
2025-04-14 03:52:56 - INFO - === AI Sticker Studio closed ===
2025-04-14 03:52:56 - INFO - === AI Sticker Studio closed ===
2025-04-14 03:52:56 - INFO - === AI Sticker Studio closed ===
2025-04-14 03:52:56 - INFO - === AI Sticker Studio closed ===
