2025-04-29 21:53:52 - INFO - === AI Sticker Studio started ===
2025-04-29 21:53:53 - WARNING - Compiled the loaded model, but the compiled metrics have yet to be built. `model.compile_metrics` will be empty until you train or evaluate the model.
2025-04-29 21:53:53 - INFO - Classifier model loaded from: models/Ghibli-normal-classifier/Mobilenet_ghibli_normal.h5
2025-04-29 21:53:54 - WARNING - From C:\Users\niksh\Desktop\Ghibli-Sticker-Studio\.venv-win\Lib\site-packages\keras\src\backend\common\global_state.py:82: The name tf.reset_default_graph is deprecated. Please use tf.compat.v1.reset_default_graph instead.

2025-04-29 21:53:56 - INFO - === AI Sticker Studio started ===
2025-04-29 21:53:57 - WARNING - Compiled the loaded model, but the compiled metrics have yet to be built. `model.compile_metrics` will be empty until you train or evaluate the model.
2025-04-29 21:53:57 - INFO - Classifier model loaded from: models/Ghibli-normal-classifier/Mobilenet_ghibli_normal.h5
2025-04-29 21:54:08 - INFO - === AI Sticker Studio started ===
2025-04-29 21:54:10 - WARNING - Compiled the loaded model, but the compiled metrics have yet to be built. `model.compile_metrics` will be empty until you train or evaluate the model.
2025-04-29 21:54:10 - INFO - Classifier model loaded from: models/Ghibli-normal-classifier/Mobilenet_ghibli_normal.h5
2025-04-29 21:54:12 - INFO - === AI Sticker Studio started ===
2025-04-29 21:54:12 - INFO - === AI Sticker Studio started ===
2025-04-29 21:54:13 - INFO - === AI Sticker Studio started ===
2025-04-29 21:54:15 - WARNING - Compiled the loaded model, but the compiled metrics have yet to be built. `model.compile_metrics` will be empty until you train or evaluate the model.
2025-04-29 21:54:15 - WARNING - Compiled the loaded model, but the compiled metrics have yet to be built. `model.compile_metrics` will be empty until you train or evaluate the model.
2025-04-29 21:54:15 - INFO - Classifier model loaded from: models/Ghibli-normal-classifier/Mobilenet_ghibli_normal.h5
2025-04-29 21:54:15 - INFO - Classifier model loaded from: models/Ghibli-normal-classifier/Mobilenet_ghibli_normal.h5
2025-04-29 21:54:16 - WARNING - Compiled the loaded model, but the compiled metrics have yet to be built. `model.compile_metrics` will be empty until you train or evaluate the model.
2025-04-29 21:54:16 - INFO - Classifier model loaded from: models/Ghibli-normal-classifier/Mobilenet_ghibli_normal.h5
2025-04-29 21:54:16 - INFO - Generating image from text: 'hello girl'
2025-04-29 21:54:59 - INFO - Image successfully generated from text: ghibli images\ghibli_image_2025-04-29_21-54-58.png
2025-04-29 21:54:59 - INFO - Using generated image directly for segmentation.
2025-04-29 21:54:59 - INFO - Successfully created sticker: stickers\sticker_hi_21-54-59.webp
2025-04-29 21:54:59 - INFO - Sticker successfully generated from text-based image: stickers\sticker_hi_21-54-59.webp
2025-04-29 21:55:30 - INFO - === AI Sticker Studio closed ===
