2025-04-26 15:06:56 - INFO - === AI Sticker Studio started ===
2025-04-26 15:06:59 - WARNING - Compiled the loaded model, but the compiled metrics have yet to be built. `model.compile_metrics` will be empty until you train or evaluate the model.
2025-04-26 15:06:59 - INFO - Classifier model loaded from: models\Ghibli-normal-classifier\Mobilenet_ghibli_normal.h5
2025-04-26 15:07:00 - WARNING - From c:\Users\niksh\Desktop\Ghibli-Sticker-Studio\.venv\Lib\site-packages\keras\src\backend\common\global_state.py:82: The name tf.reset_default_graph is deprecated. Please use tf.compat.v1.reset_default_graph instead.

2025-04-26 15:07:41 - INFO - === AI Sticker Studio started ===
2025-04-26 15:07:44 - WARNING - Compiled the loaded model, but the compiled metrics have yet to be built. `model.compile_metrics` will be empty until you train or evaluate the model.
2025-04-26 15:07:44 - INFO - Classifier model loaded from: models\Ghibli-normal-classifier\Mobilenet_ghibli_normal.h5
2025-04-26 15:07:47 - INFO - === AI Sticker Studio started ===
2025-04-26 15:07:50 - WARNING - Compiled the loaded model, but the compiled metrics have yet to be built. `model.compile_metrics` will be empty until you train or evaluate the model.
2025-04-26 15:07:50 - INFO - Classifier model loaded from: models\Ghibli-normal-classifier\Mobilenet_ghibli_normal.h5
2025-04-26 15:07:58 - INFO - === AI Sticker Studio started ===
2025-04-26 15:08:01 - WARNING - Compiled the loaded model, but the compiled metrics have yet to be built. `model.compile_metrics` will be empty until you train or evaluate the model.
2025-04-26 15:08:01 - INFO - Classifier model loaded from: models\Ghibli-normal-classifier\Mobilenet_ghibli_normal.h5
2025-04-26 15:08:01 - INFO - === AI Sticker Studio started ===
2025-04-26 15:08:03 - WARNING - Compiled the loaded model, but the compiled metrics have yet to be built. `model.compile_metrics` will be empty until you train or evaluate the model.
2025-04-26 15:08:03 - INFO - Classifier model loaded from: models\Ghibli-normal-classifier\Mobilenet_ghibli_normal.h5
2025-04-26 15:08:04 - INFO - Uploaded file saved: uploads\grok_ghibli_output_2025-04-14_05-28-21.png
2025-04-26 15:08:08 - ERROR - Error creating WhatsApp sticker: [Errno 22] Invalid argument: './stickers\\sticker_Ghibli?_15-08-07.webp'
2025-04-26 15:08:08 - ERROR - Error in processing sticker: stat: path should be string, bytes, os.PathLike or integer, not NoneType
Traceback (most recent call last):
  File "C:\Users\niksh\Desktop\Ghibli-Sticker-Studio\src\main.py", line 83, in process_sticker
    if os.path.exists(output_path):
       ^^^^^^^^^^^^^^^^^^^^^^^^^^^
  File "<frozen genericpath>", line 19, in exists
TypeError: stat: path should be string, bytes, os.PathLike or integer, not NoneType
2025-04-26 15:11:21 - INFO - === AI Sticker Studio closed ===
