2025-04-29 21:37:54 - INFO - === AI Sticker Studio started ===
2025-04-29 21:37:55 - WARNING - Compiled the loaded model, but the compiled metrics have yet to be built. `model.compile_metrics` will be empty until you train or evaluate the model.
2025-04-29 21:37:55 - INFO - Classifier model loaded from: models/Ghibli-normal-classifier/Mobilenet_ghibli_normal.h5
2025-04-29 21:37:56 - WARNING - From C:\Users\niksh\Desktop\Ghibli-Sticker-Studio\.venv-win\Lib\site-packages\keras\src\backend\common\global_state.py:82: The name tf.reset_default_graph is deprecated. Please use tf.compat.v1.reset_default_graph instead.

2025-04-29 21:38:00 - INFO - === AI Sticker Studio started ===
2025-04-29 21:38:01 - WARNING - Compiled the loaded model, but the compiled metrics have yet to be built. `model.compile_metrics` will be empty until you train or evaluate the model.
2025-04-29 21:38:01 - INFO - Classifier model loaded from: models/Ghibli-normal-classifier/Mobilenet_ghibli_normal.h5
2025-04-29 21:38:18 - INFO - === AI Sticker Studio started ===
2025-04-29 21:38:19 - WARNING - Compiled the loaded model, but the compiled metrics have yet to be built. `model.compile_metrics` will be empty until you train or evaluate the model.
2025-04-29 21:38:19 - INFO - Classifier model loaded from: models/Ghibli-normal-classifier/Mobilenet_ghibli_normal.h5
2025-04-29 21:38:26 - INFO - === AI Sticker Studio started ===
2025-04-29 21:38:27 - WARNING - Compiled the loaded model, but the compiled metrics have yet to be built. `model.compile_metrics` will be empty until you train or evaluate the model.
2025-04-29 21:38:27 - INFO - Classifier model loaded from: models/Ghibli-normal-classifier/Mobilenet_ghibli_normal.h5
2025-04-29 21:38:29 - INFO - === AI Sticker Studio started ===
2025-04-29 21:38:30 - WARNING - Compiled the loaded model, but the compiled metrics have yet to be built. `model.compile_metrics` will be empty until you train or evaluate the model.
2025-04-29 21:38:30 - INFO - Classifier model loaded from: models/Ghibli-normal-classifier/Mobilenet_ghibli_normal.h5
2025-04-29 21:38:30 - INFO - Generating image from text: 'Singing ants in a rock concert'
2025-04-29 21:38:41 - INFO - Image successfully generated from text: ghibli images\ghibli_image_2025-04-29_21-38-41.png
2025-04-29 21:38:41 - INFO - Using generated image directly for segmentation.
2025-04-29 21:38:42 - INFO - Successfully created sticker: stickers\sticker_Rockin ants_21-38-41.webp
2025-04-29 21:38:42 - INFO - Sticker successfully generated from text-based image: stickers\sticker_Rockin ants_21-38-41.webp
2025-04-29 21:39:18 - INFO - === AI Sticker Studio closed ===
