2025-04-14 05:20:24 - INFO - === AI Sticker Studio started ===
2025-04-14 05:20:26 - WARNING - Compiled the loaded model, but the compiled metrics have yet to be built. `model.compile_metrics` will be empty until you train or evaluate the model.
2025-04-14 05:20:26 - INFO - ResNet model loaded from: models\Ghibli-normal-classifier\Resnet_ghibli_normal.h5
2025-04-14 05:20:27 - WARNING - From c:\Users\niksh\Desktop\Ghibli-Sticker-Studio\.venv\Lib\site-packages\keras\src\backend\common\global_state.py:82: The name tf.reset_default_graph is deprecated. Please use tf.compat.v1.reset_default_graph instead.

2025-04-14 05:20:34 - INFO - === AI Sticker Studio started ===
2025-04-14 05:20:35 - WARNING - Compiled the loaded model, but the compiled metrics have yet to be built. `model.compile_metrics` will be empty until you train or evaluate the model.
2025-04-14 05:20:35 - INFO - ResNet model loaded from: models\Ghibli-normal-classifier\Resnet_ghibli_normal.h5
2025-04-14 05:20:37 - INFO - === AI Sticker Studio started ===
2025-04-14 05:20:39 - WARNING - Compiled the loaded model, but the compiled metrics have yet to be built. `model.compile_metrics` will be empty until you train or evaluate the model.
2025-04-14 05:20:39 - INFO - ResNet model loaded from: models\Ghibli-normal-classifier\Resnet_ghibli_normal.h5
2025-04-14 05:20:59 - INFO - === AI Sticker Studio started ===
2025-04-14 05:21:00 - WARNING - Compiled the loaded model, but the compiled metrics have yet to be built. `model.compile_metrics` will be empty until you train or evaluate the model.
2025-04-14 05:21:00 - INFO - ResNet model loaded from: models\Ghibli-normal-classifier\Resnet_ghibli_normal.h5
2025-04-14 05:21:02 - INFO - === AI Sticker Studio started ===
2025-04-14 05:21:03 - INFO - === AI Sticker Studio started ===
2025-04-14 05:21:04 - WARNING - Compiled the loaded model, but the compiled metrics have yet to be built. `model.compile_metrics` will be empty until you train or evaluate the model.
2025-04-14 05:21:04 - INFO - ResNet model loaded from: models\Ghibli-normal-classifier\Resnet_ghibli_normal.h5
2025-04-14 05:21:05 - WARNING - Compiled the loaded model, but the compiled metrics have yet to be built. `model.compile_metrics` will be empty until you train or evaluate the model.
2025-04-14 05:21:05 - INFO - ResNet model loaded from: models\Ghibli-normal-classifier\Resnet_ghibli_normal.h5
2025-04-14 05:21:05 - INFO - Uploaded file saved: C:\Users\niksh\Desktop\Ghibli-Sticker-Studio\uploads\IMG_5585.JPG
2025-04-14 05:21:07 - INFO - Segmenting image: C:\Users\niksh\Desktop\Ghibli-Sticker-Studio\uploads\IMG_5585.JPG
2025-04-14 05:21:07 - INFO - Generating sticker with caption: dubai, theme: Original, color: #FFFFFF
2025-04-14 05:21:08 - INFO - Successfully created sticker: ./stickers\sticker_dubai_05-21-07.webp
2025-04-14 05:21:08 - INFO - Sticker successfully generated: ./stickers\sticker_dubai_05-21-07.webp
2025-04-14 05:21:37 - INFO - === AI Sticker Studio started ===
2025-04-14 05:21:39 - WARNING - Compiled the loaded model, but the compiled metrics have yet to be built. `model.compile_metrics` will be empty until you train or evaluate the model.
2025-04-14 05:21:39 - INFO - ResNet model loaded from: models\Ghibli-normal-classifier\Resnet_ghibli_normal.h5
2025-04-14 05:21:42 - INFO - === AI Sticker Studio started ===
2025-04-14 05:21:43 - WARNING - Compiled the loaded model, but the compiled metrics have yet to be built. `model.compile_metrics` will be empty until you train or evaluate the model.
2025-04-14 05:21:43 - INFO - ResNet model loaded from: models\Ghibli-normal-classifier\Resnet_ghibli_normal.h5
2025-04-14 05:21:43 - INFO - Uploaded file saved: C:\Users\niksh\Desktop\Ghibli-Sticker-Studio\uploads\Camera360_2014_6_2_011354.jpg
2025-04-14 05:21:45 - INFO - Applying Ghibli theme...
2025-04-14 05:21:45 - INFO - Logging configured to file: logs\studio_2025-04-14_05-21-42.log
2025-04-14 05:21:45 - INFO - GrokImageConverterGUI initialized. Output directory: C:\Users\niksh\Desktop\Ghibli-Sticker-Studio\grok_output_images_gui
2025-04-14 05:21:45 - INFO - Attempting to open Edge and navigate to Grok...
2025-04-14 05:21:45 - INFO - Pressing the Windows key.
2025-04-14 05:21:46 - INFO - Typing 'edge'.
2025-04-14 05:21:47 - INFO - Pressing Enter to open Edge.
2025-04-14 05:21:48 - INFO - Moving mouse to address bar coordinates: (309, 70).
2025-04-14 05:21:50 - INFO - Clicking on the address bar.
2025-04-14 05:21:50 - INFO - Writing Grok URL: https://grok.com/chat/c6a8facb-f82c-46ba-be6b-379d0957bd2a
2025-04-14 05:21:50 - INFO - Pressing Enter to navigate to Grok.
2025-04-14 05:21:52 - INFO - Navigated to Grok. Waiting for user login.
2025-04-14 05:21:52 - INFO - Using prompt: Convert this image to a Ghibli style in HD.
2025-04-14 05:21:52 - INFO - Attempting to upload image and enter prompt...
2025-04-14 05:21:52 - INFO - Image found at path: C:\Users\niksh\Desktop\Ghibli-Sticker-Studio\uploads\Camera360_2014_6_2_011354.jpg
2025-04-14 05:21:52 - INFO - Moving mouse to upload button coordinates: (509, 1024).
2025-04-14 05:21:53 - INFO - Clicking the upload button.
2025-04-14 05:21:54 - INFO - Waiting for file dialog to appear.
2025-04-14 05:21:54 - INFO - Moving mouse to the second upload button coordinates: (576, 922).
2025-04-14 05:21:55 - INFO - Clicking the second upload button.
2025-04-14 05:21:57 - INFO - Waiting for file dialog to appear after second click.
2025-04-14 05:21:57 - INFO - Typing image path into file dialog: C:\Users\niksh\Desktop\Ghibli-Sticker-Studio\uploads\Camera360_2014_6_2_011354.jpg
2025-04-14 05:22:00 - INFO - Pressing Enter in the file dialog.
2025-04-14 05:22:02 - INFO - Waiting for image to upload.
2025-04-14 05:22:02 - INFO - Moving mouse to prompt field coordinates: (847, 956).
2025-04-14 05:22:03 - INFO - Clicking on the prompt field.
2025-04-14 05:22:03 - INFO - Writing prompt: Convert this image to a Ghibli style in HD.
2025-04-14 05:22:06 - INFO - Pressing Enter after writing the prompt.
2025-04-14 05:22:45 - INFO - Image uploaded and prompt entered. Waiting for output.
2025-04-14 05:22:45 - INFO - Attempting to save the output image...
2025-04-14 05:22:45 - INFO - Moving mouse to output image coordinates: (1152, 535).
2025-04-14 05:22:47 - INFO - Right-clicking on the output image.
2025-04-14 05:22:48 - INFO - Moving mouse to 'Save image as...' coordinates: (1158, 535).
2025-04-14 05:22:49 - INFO - Clicking 'Save image as...'
2025-04-14 05:22:51 - INFO - Waiting for the save dialog.
2025-04-14 05:22:51 - INFO - Typing output filename: C:\Users\niksh\Desktop\Ghibli-Sticker-Studio\grok_output_images_gui\grok_ghibli_output_2025-04-14_05-22-51.png
2025-04-14 05:22:53 - INFO - Pressing Enter to save the image.
2025-04-14 05:22:56 - INFO - Output image saved to: C:\Users\niksh\Desktop\Ghibli-Sticker-Studio\grok_output_images_gui\grok_ghibli_output_2025-04-14_05-22-51.png
2025-04-14 05:22:56 - INFO - Ghibli image saved at: C:\Users\niksh\Desktop\Ghibli-Sticker-Studio\grok_output_images_gui\grok_ghibli_output_2025-04-14_05-22-51.png
2025-04-14 05:22:56 - INFO - theme_convertor function finished. Returning: C:\Users\niksh\Desktop\Ghibli-Sticker-Studio\grok_output_images_gui\grok_ghibli_output_2025-04-14_05-22-51.png
2025-04-14 05:22:56 - INFO - Segmenting image: C:\Users\niksh\Desktop\Ghibli-Sticker-Studio\uploads\Camera360_2014_6_2_011354.jpg
2025-04-14 05:22:56 - INFO - Generating sticker with caption: dubai, theme: Original, color: #FFFFFF
2025-04-14 05:22:56 - ERROR - Error generating sticker: Image not found at C:\Users\niksh\Desktop\Ghibli-Sticker-Studio\grok_output_images_gui\grok_ghibli_output_2025-04-14_05-22-51.png
2025-04-14 05:22:56 - ERROR - Error in sticker generation: stat: path should be string, bytes, os.PathLike or integer, not NoneType
Traceback (most recent call last):
  File "C:\Users\niksh\Desktop\Ghibli-Sticker-Studio\src\app.py", line 126, in <module>
    if os.path.exists(output_path):
       ^^^^^^^^^^^^^^^^^^^^^^^^^^^
  File "<frozen genericpath>", line 19, in exists
TypeError: stat: path should be string, bytes, os.PathLike or integer, not NoneType
