2025-04-14 04:50:58 - INFO - === AI Sticker Studio started ===
2025-04-14 04:50:59 - WARNING - Compiled the loaded model, but the compiled metrics have yet to be built. `model.compile_metrics` will be empty until you train or evaluate the model.
2025-04-14 04:50:59 - INFO - ResNet model loaded from: models\Ghibli-normal-classifier\Resnet_ghibli_normal.h5
2025-04-14 04:51:00 - WARNING - From c:\Users\niksh\Desktop\Ghibli-Sticker-Studio\.venv\Lib\site-packages\keras\src\backend\common\global_state.py:82: The name tf.reset_default_graph is deprecated. Please use tf.compat.v1.reset_default_graph instead.

2025-04-14 04:51:30 - INFO - === AI Sticker Studio started ===
2025-04-14 04:51:31 - WARNING - Compiled the loaded model, but the compiled metrics have yet to be built. `model.compile_metrics` will be empty until you train or evaluate the model.
2025-04-14 04:51:31 - INFO - ResNet model loaded from: models\Ghibli-normal-classifier\Resnet_ghibli_normal.h5
2025-04-14 04:51:37 - INFO - === AI Sticker Studio started ===
2025-04-14 04:51:38 - WARNING - Compiled the loaded model, but the compiled metrics have yet to be built. `model.compile_metrics` will be empty until you train or evaluate the model.
2025-04-14 04:51:38 - INFO - ResNet model loaded from: models\Ghibli-normal-classifier\Resnet_ghibli_normal.h5
2025-04-14 04:51:48 - INFO - === AI Sticker Studio started ===
2025-04-14 04:51:50 - INFO - === AI Sticker Studio started ===
2025-04-14 04:51:50 - WARNING - Compiled the loaded model, but the compiled metrics have yet to be built. `model.compile_metrics` will be empty until you train or evaluate the model.
2025-04-14 04:51:50 - INFO - ResNet model loaded from: models\Ghibli-normal-classifier\Resnet_ghibli_normal.h5
2025-04-14 04:51:50 - ERROR - Error loading ResNet model: 'NoneType' object has no attribute 'pop'. 'Normal' prediction based theming will be skipped.
2025-04-14 04:51:58 - INFO - === AI Sticker Studio started ===
2025-04-14 04:51:59 - WARNING - Compiled the loaded model, but the compiled metrics have yet to be built. `model.compile_metrics` will be empty until you train or evaluate the model.
2025-04-14 04:51:59 - INFO - ResNet model loaded from: models\Ghibli-normal-classifier\Resnet_ghibli_normal.h5
2025-04-14 04:51:59 - INFO - Uploaded file saved: ./uploads\IMG_0042.JPG
2025-04-14 04:51:59 - ERROR - Error in sticker generation: predict_with_resnet() missing 1 required positional argument: 'log_filename'
Traceback (most recent call last):
  File "C:\Users\niksh\Desktop\Ghibli-Sticker-Studio\src\app.py", line 108, in <module>
    if resnet_model is not None and predict_with_resnet(file_path, resnet_model):
                                    ^^^^^^^^^^^^^^^^^^^^^^^^^^^^^^^^^^^^^^^^^^^^
TypeError: predict_with_resnet() missing 1 required positional argument: 'log_filename'
2025-04-14 04:53:11 - INFO - === AI Sticker Studio started ===
2025-04-14 04:53:12 - WARNING - Compiled the loaded model, but the compiled metrics have yet to be built. `model.compile_metrics` will be empty until you train or evaluate the model.
2025-04-14 04:53:12 - INFO - ResNet model loaded from: models\Ghibli-normal-classifier\Resnet_ghibli_normal.h5
2025-04-14 04:53:17 - INFO - === AI Sticker Studio started ===
2025-04-14 04:53:18 - WARNING - Compiled the loaded model, but the compiled metrics have yet to be built. `model.compile_metrics` will be empty until you train or evaluate the model.
2025-04-14 04:53:18 - INFO - ResNet model loaded from: models\Ghibli-normal-classifier\Resnet_ghibli_normal.h5
2025-04-14 04:53:21 - INFO - === AI Sticker Studio started ===
2025-04-14 04:53:22 - WARNING - Compiled the loaded model, but the compiled metrics have yet to be built. `model.compile_metrics` will be empty until you train or evaluate the model.
2025-04-14 04:53:22 - INFO - ResNet model loaded from: models\Ghibli-normal-classifier\Resnet_ghibli_normal.h5
2025-04-14 04:53:22 - INFO - === AI Sticker Studio started ===
2025-04-14 04:53:24 - WARNING - Compiled the loaded model, but the compiled metrics have yet to be built. `model.compile_metrics` will be empty until you train or evaluate the model.
2025-04-14 04:53:24 - INFO - ResNet model loaded from: models\Ghibli-normal-classifier\Resnet_ghibli_normal.h5
2025-04-14 04:53:25 - INFO - === AI Sticker Studio started ===
2025-04-14 04:53:27 - WARNING - Compiled the loaded model, but the compiled metrics have yet to be built. `model.compile_metrics` will be empty until you train or evaluate the model.
2025-04-14 04:53:27 - INFO - ResNet model loaded from: models\Ghibli-normal-classifier\Resnet_ghibli_normal.h5
2025-04-14 04:53:27 - INFO - === AI Sticker Studio started ===
2025-04-14 04:53:28 - INFO - === AI Sticker Studio started ===
2025-04-14 04:53:29 - WARNING - Compiled the loaded model, but the compiled metrics have yet to be built. `model.compile_metrics` will be empty until you train or evaluate the model.
2025-04-14 04:53:29 - INFO - ResNet model loaded from: models\Ghibli-normal-classifier\Resnet_ghibli_normal.h5
2025-04-14 04:53:30 - WARNING - Compiled the loaded model, but the compiled metrics have yet to be built. `model.compile_metrics` will be empty until you train or evaluate the model.
2025-04-14 04:53:30 - INFO - ResNet model loaded from: models\Ghibli-normal-classifier\Resnet_ghibli_normal.h5
2025-04-14 04:53:30 - INFO - Uploaded file saved: ./uploads\IMG_0042.JPG
2025-04-14 04:53:33 - INFO - Segmenting image: ./uploads\IMG_0042.JPG
2025-04-14 04:53:33 - INFO - Generating sticker with caption: fam, theme: Ghibli, color: #c10e0e
2025-04-14 04:53:34 - INFO - Successfully created sticker: ./stickers\sticker_fam_04-53-33.webp
2025-04-14 04:53:34 - INFO - Sticker successfully generated: ./stickers\sticker_fam_04-53-33.webp
2025-04-14 04:54:47 - INFO - === AI Sticker Studio started ===
2025-04-14 04:54:49 - WARNING - Compiled the loaded model, but the compiled metrics have yet to be built. `model.compile_metrics` will be empty until you train or evaluate the model.
2025-04-14 04:54:49 - INFO - ResNet model loaded from: models\Ghibli-normal-classifier\Resnet_ghibli_normal.h5
2025-04-14 04:54:51 - INFO - === AI Sticker Studio started ===
2025-04-14 04:54:52 - WARNING - Compiled the loaded model, but the compiled metrics have yet to be built. `model.compile_metrics` will be empty until you train or evaluate the model.
2025-04-14 04:54:52 - INFO - ResNet model loaded from: models\Ghibli-normal-classifier\Resnet_ghibli_normal.h5
2025-04-14 04:54:52 - INFO - Uploaded file saved: ./uploads\IMG_0057.JPG
2025-04-14 04:54:54 - INFO - Applying Ghibli theme...
2025-04-14 04:54:54 - INFO - Logging configured to file: ./logs\studio_2025-04-14_04-54-51.log
2025-04-14 04:54:54 - INFO - GrokImageConverterGUI initialized. Output directory: C:\Users\niksh\Desktop\Ghibli-Sticker-Studio\grok_output_images_gui
2025-04-14 04:54:54 - INFO - Attempting to open Edge and navigate to Grok...
2025-04-14 04:54:54 - INFO - Pressing the Windows key.
2025-04-14 04:54:55 - INFO - Typing 'edge'.
2025-04-14 04:54:57 - INFO - Pressing Enter to open Edge.
2025-04-14 04:54:58 - INFO - Moving mouse to address bar coordinates: (309, 70).
2025-04-14 04:54:59 - INFO - Clicking on the address bar.
2025-04-14 04:54:59 - INFO - Writing Grok URL: https://grok.com/chat/c6a8facb-f82c-46ba-be6b-379d0957bd2a
2025-04-14 04:54:59 - INFO - Pressing Enter to navigate to Grok.
2025-04-14 04:55:01 - INFO - Navigated to Grok. Waiting for user login.
2025-04-14 04:55:01 - INFO - Using prompt: Convert this image to a Ghibli style in HD.
2025-04-14 04:55:01 - INFO - Attempting to upload image and enter prompt...
2025-04-14 04:55:01 - INFO - Image found at path: ./uploads\IMG_0057.JPG
2025-04-14 04:55:01 - INFO - Moving mouse to upload button coordinates: (509, 1024).
2025-04-14 04:55:02 - INFO - Clicking the upload button.
2025-04-14 04:55:03 - INFO - Waiting for file dialog to appear.
2025-04-14 04:55:03 - INFO - Moving mouse to the second upload button coordinates: (576, 922).
2025-04-14 04:55:04 - INFO - Clicking the second upload button.
2025-04-14 04:55:06 - INFO - Waiting for file dialog to appear after second click.
2025-04-14 04:55:06 - INFO - Typing image path into file dialog: ./uploads\IMG_0057.JPG
2025-04-14 04:55:09 - INFO - Pressing Enter in the file dialog.
2025-04-14 04:55:11 - INFO - Waiting for image to upload.
2025-04-14 04:55:11 - INFO - Moving mouse to prompt field coordinates: (847, 956).
2025-04-14 04:55:12 - INFO - Clicking on the prompt field.
2025-04-14 04:55:12 - INFO - Writing prompt: Convert this image to a Ghibli style in HD.
2025-04-14 04:55:15 - INFO - Pressing Enter after writing the prompt.
2025-04-14 04:55:54 - INFO - Image uploaded and prompt entered. Waiting for output.
2025-04-14 04:55:54 - INFO - Attempting to save the output image...
2025-04-14 04:55:54 - INFO - Moving mouse to output image coordinates: (1152, 535).
2025-04-14 04:55:56 - INFO - Right-clicking on the output image.
2025-04-14 04:55:57 - INFO - Moving mouse to 'Save image as...' coordinates: (1158, 535).
2025-04-14 04:55:58 - INFO - Clicking 'Save image as...'
2025-04-14 04:56:00 - INFO - Waiting for the save dialog.
2025-04-14 04:56:00 - INFO - Typing output filename: C:\Users\niksh\Desktop\Ghibli-Sticker-Studio\grok_output_images_gui\grok_ghibli_output.png
2025-04-14 04:56:02 - INFO - Pressing Enter to save the image.
2025-04-14 04:56:05 - INFO - Output image saved to: C:\Users\niksh\Desktop\Ghibli-Sticker-Studio\grok_output_images_gui\grok_ghibli_output.png
2025-04-14 04:56:05 - INFO - Ghibli image saved at: C:\Users\niksh\Desktop\Ghibli-Sticker-Studio\grok_output_images_gui\grok_ghibli_output.png
2025-04-14 04:56:05 - INFO - theme_convertor function finished. Returning: C:\Users\niksh\Desktop\Ghibli-Sticker-Studio\grok_output_images_gui\grok_ghibli_output.png
2025-04-14 04:56:05 - INFO - Segmenting image: ./uploads\IMG_0057.JPG
2025-04-14 04:56:05 - INFO - Generating sticker with caption: fam, theme: Ghibli, color: #c10e0e
2025-04-14 04:56:05 - ERROR - Error generating sticker: Image not found at C:\Users\niksh\Desktop\Ghibli-Sticker-Studio\grok_output_images_gui\grok_ghibli_output.png
2025-04-14 04:56:06 - INFO - === AI Sticker Studio closed ===
2025-04-14 04:56:06 - INFO - === AI Sticker Studio closed ===
2025-04-14 04:56:06 - INFO - === AI Sticker Studio closed ===
2025-04-14 04:56:06 - INFO - === AI Sticker Studio closed ===
2025-04-14 04:56:06 - INFO - === AI Sticker Studio closed ===
2025-04-14 04:56:06 - INFO - === AI Sticker Studio closed ===
2025-04-14 04:56:06 - INFO - === AI Sticker Studio closed ===
2025-04-14 04:56:06 - INFO - === AI Sticker Studio closed ===
2025-04-14 04:56:06 - INFO - === AI Sticker Studio closed ===
2025-04-14 04:56:06 - INFO - === AI Sticker Studio closed ===
2025-04-14 04:56:06 - INFO - === AI Sticker Studio closed ===
2025-04-14 04:56:06 - INFO - === AI Sticker Studio closed ===
2025-04-14 04:56:06 - INFO - === AI Sticker Studio closed ===
2025-04-14 04:56:06 - INFO - === AI Sticker Studio closed ===
2025-04-14 04:56:06 - INFO - === AI Sticker Studio closed ===
