2025-04-29 19:31:47 - INFO - === AI Sticker Studio started ===
2025-04-29 19:31:50 - WARNING - Compiled the loaded model, but the compiled metrics have yet to be built. `model.compile_metrics` will be empty until you train or evaluate the model.
2025-04-29 19:31:50 - INFO - Classifier model loaded from: models/Ghibli-normal-classifier/Mobilenet_ghibli_normal.h5
2025-04-29 19:32:27 - INFO - === AI Sticker Studio started ===
2025-04-29 19:32:30 - WARNING - Compiled the loaded model, but the compiled metrics have yet to be built. `model.compile_metrics` will be empty until you train or evaluate the model.
2025-04-29 19:32:30 - INFO - Classifier model loaded from: models/Ghibli-normal-classifier/Mobilenet_ghibli_normal.h5
2025-04-29 19:32:32 - INFO - === AI Sticker Studio started ===
2025-04-29 19:32:34 - WARNING - Compiled the loaded model, but the compiled metrics have yet to be built. `model.compile_metrics` will be empty until you train or evaluate the model.
2025-04-29 19:32:34 - INFO - Classifier model loaded from: models/Ghibli-normal-classifier/Mobilenet_ghibli_normal.h5
2025-04-29 19:32:35 - INFO - === AI Sticker Studio started ===
2025-04-29 19:32:38 - WARNING - Compiled the loaded model, but the compiled metrics have yet to be built. `model.compile_metrics` will be empty until you train or evaluate the model.
2025-04-29 19:32:39 - INFO - Classifier model loaded from: models/Ghibli-normal-classifier/Mobilenet_ghibli_normal.h5
2025-04-29 19:32:39 - INFO - === AI Sticker Studio started ===
2025-04-29 19:32:43 - WARNING - Compiled the loaded model, but the compiled metrics have yet to be built. `model.compile_metrics` will be empty until you train or evaluate the model.
2025-04-29 19:32:43 - INFO - Classifier model loaded from: models/Ghibli-normal-classifier/Mobilenet_ghibli_normal.h5
2025-04-29 19:32:43 - INFO - Uploaded file saved: uploads/20250429193243_31ea153f759e3ea0ae4aa0e9d28c579a5029bd9e99b2d34f18b6d13fb18ad831.png
2025-04-29 19:32:45 - INFO - Image classified as GHIBLI. Using fine-tuned YOLO model.
2025-04-29 19:32:46 - INFO - Successfully created sticker: stickers/sticker_treeeee_19-32-45.webp
2025-04-29 19:32:46 - INFO - Sticker successfully generated from uploaded image: stickers/sticker_treeeee_19-32-45.webp
2025-04-29 19:33:20 - INFO - === AI Sticker Studio started ===
2025-04-29 19:33:26 - WARNING - Compiled the loaded model, but the compiled metrics have yet to be built. `model.compile_metrics` will be empty until you train or evaluate the model.
2025-04-29 19:33:26 - INFO - Classifier model loaded from: models/Ghibli-normal-classifier/Mobilenet_ghibli_normal.h5
2025-04-29 19:33:45 - INFO - === AI Sticker Studio started ===
2025-04-29 19:33:49 - INFO - === AI Sticker Studio started ===
2025-04-29 19:33:49 - WARNING - Compiled the loaded model, but the compiled metrics have yet to be built. `model.compile_metrics` will be empty until you train or evaluate the model.
2025-04-29 19:33:49 - INFO - Classifier model loaded from: models/Ghibli-normal-classifier/Mobilenet_ghibli_normal.h5
2025-04-29 19:33:50 - ERROR - Error loading classifier model: 'NoneType' object has no attribute 'pop'
2025-04-29 19:33:52 - INFO - === AI Sticker Studio started ===
2025-04-29 19:33:55 - WARNING - Compiled the loaded model, but the compiled metrics have yet to be built. `model.compile_metrics` will be empty until you train or evaluate the model.
2025-04-29 19:33:55 - INFO - Classifier model loaded from: models/Ghibli-normal-classifier/Mobilenet_ghibli_normal.h5
2025-04-29 19:33:55 - INFO - Generating image from text: 'child going to school in bus'
2025-04-29 19:34:10 - INFO - Image successfully generated from text: ghibli images/ghibli_image_2025-04-29_19-34-09.png
2025-04-29 19:34:10 - INFO - Using generated image directly for segmentation.
2025-04-29 19:34:10 - ERROR - Error in processing sticker from text input: segmentor() got an unexpected keyword argument 'model_name'
Traceback (most recent call last):
  File "/mnt/c/Users/niksh/Desktop/Ghibli-Sticker-Studio/src/main.py", line 131, in process_sticker_from_text
    seg_img_path = segmentor(themed_img_path, log_filename, model_name='ghibli')
                   ^^^^^^^^^^^^^^^^^^^^^^^^^^^^^^^^^^^^^^^^^^^^^^^^^^^^^^^^^^^^^
TypeError: segmentor() got an unexpected keyword argument 'model_name'
2025-04-29 19:34:26 - INFO - === AI Sticker Studio closed ===
