2025-03-29 16:51:39 - INFO - === AI Sticker Studio started ===
2025-03-29 16:51:45 - INFO - === AI Sticker Studio started ===
2025-03-29 16:51:52 - INFO - === AI Sticker Studio started ===
2025-03-29 16:51:52 - INFO - === AI Sticker Studio started ===
2025-03-29 16:51:52 - INFO - Uploaded file saved: ./uploads\test2.png
2025-03-29 16:51:52 - INFO - Segmenting image: ./uploads\test2.png
2025-03-29 16:51:52 - INFO - Theme change to Original
2025-03-29 16:51:52 - INFO - Generating sticker with caption: sticker, theme: Original, color: #FFFFFF
2025-03-29 16:51:54 - INFO - Sticker successfully saved: ./stickers\sticker_sticker_16-51-52.png
2025-03-29 16:51:54 - INFO - Sticker successfully generated: ./stickers\sticker_sticker_16-51-52.png
2025-03-29 16:56:02 - INFO - === AI Sticker Studio started ===
2025-03-29 16:56:02 - WARNING - Attempted to generate sticker without both image and text.
2025-03-29 16:56:08 - INFO - === AI Sticker Studio started ===
2025-03-29 16:56:11 - INFO - === AI Sticker Studio started ===
2025-03-29 16:56:11 - INFO - Uploaded file saved: ./uploads\test2.png
2025-03-29 16:56:11 - INFO - Segmenting image: ./uploads\test2.png
2025-03-29 16:56:11 - INFO - Theme change to Original
2025-03-29 16:56:11 - INFO - Generating sticker with caption: test sticker, theme: Original, color: #cb0505
2025-03-29 16:56:12 - INFO - Sticker successfully saved: ./stickers\sticker_test sticker_16-56-12.webp
2025-03-29 16:56:12 - INFO - Sticker successfully generated: ./stickers\sticker_test sticker_16-56-12.webp
2025-03-29 17:02:08 - INFO - === AI Sticker Studio started ===
2025-03-29 17:02:09 - INFO - === AI Sticker Studio started ===
2025-03-29 17:02:09 - INFO - Uploaded file saved: ./uploads\test2.png
2025-03-29 17:02:09 - INFO - Segmenting image: ./uploads\test2.png
2025-03-29 17:02:09 - INFO - Theme change to Original
2025-03-29 17:02:09 - INFO - Generating sticker with caption: stickernew, theme: Original, color: #FFFFFF
2025-03-29 17:02:10 - INFO - Successfully created sticker: ./stickers\whatsapp_sticker_20250329_170209.webp
2025-03-29 17:02:10 - INFO - Sticker successfully generated: ./stickers\whatsapp_sticker_20250329_170209.webp
2025-03-29 17:08:13 - INFO - === AI Sticker Studio started ===
2025-03-29 17:08:23 - INFO - === AI Sticker Studio started ===
2025-03-29 17:08:23 - INFO - Uploaded file saved: ./uploads\test2.png
2025-03-29 17:08:23 - INFO - Segmenting image: ./uploads\test2.png
2025-03-29 17:08:23 - INFO - Theme change to Original
2025-03-29 17:08:23 - INFO - Generating sticker with caption: test sticker, theme: Original, color: #cb0505
2025-03-29 17:08:23 - ERROR - Error in sticker generation: generate_sticker() takes from 1 to 4 positional arguments but 5 were given
Traceback (most recent call last):
  File "C:\Users\niksh\Desktop\Sticker-Studio\scripts\app.py", line 100, in <module>
    output_path = generate_sticker(themed_seg_img_path, text_input, color, font_filename, log_filename)
                  ^^^^^^^^^^^^^^^^^^^^^^^^^^^^^^^^^^^^^^^^^^^^^^^^^^^^^^^^^^^^^^^^^^^^^^^^^^^^^^^^^^^^^
TypeError: generate_sticker() takes from 1 to 4 positional arguments but 5 were given
2025-03-29 17:08:26 - INFO - === AI Sticker Studio started ===
2025-03-29 17:08:26 - INFO - Uploaded file saved: ./uploads\test2.png
2025-03-29 17:08:26 - INFO - Segmenting image: ./uploads\test2.png
2025-03-29 17:08:26 - INFO - Theme change to Original
2025-03-29 17:08:26 - INFO - Generating sticker with caption: test sticker, theme: Original, color: #cb0505
2025-03-29 17:08:26 - ERROR - Error in sticker generation: generate_sticker() takes from 1 to 4 positional arguments but 5 were given
Traceback (most recent call last):
  File "C:\Users\niksh\Desktop\Sticker-Studio\scripts\app.py", line 100, in <module>
    output_path = generate_sticker(themed_seg_img_path, text_input, color, font_filename, log_filename)
                  ^^^^^^^^^^^^^^^^^^^^^^^^^^^^^^^^^^^^^^^^^^^^^^^^^^^^^^^^^^^^^^^^^^^^^^^^^^^^^^^^^^^^^
TypeError: generate_sticker() takes from 1 to 4 positional arguments but 5 were given
2025-03-29 17:13:06 - INFO - === AI Sticker Studio started ===
2025-03-29 17:13:06 - INFO - Uploaded file saved: ./uploads\test2.png
2025-03-29 17:13:06 - INFO - Segmenting image: ./uploads\test2.png
2025-03-29 17:13:06 - INFO - Theme change to Original
2025-03-29 17:13:06 - INFO - Generating sticker with caption: test sticker, theme: Original, color: #cb0505
2025-03-29 17:13:09 - INFO - === AI Sticker Studio started ===
2025-03-29 17:13:09 - INFO - Uploaded file saved: ./uploads\test2.png
2025-03-29 17:13:09 - INFO - Segmenting image: ./uploads\test2.png
2025-03-29 17:13:09 - INFO - Theme change to Original
2025-03-29 17:13:09 - INFO - Generating sticker with caption: test sticker, theme: Original, color: #cb0505
2025-03-29 17:13:17 - INFO - === AI Sticker Studio started ===
2025-03-29 17:13:24 - INFO - === AI Sticker Studio started ===
2025-03-29 17:13:25 - INFO - === AI Sticker Studio started ===
2025-03-29 17:13:27 - INFO - === AI Sticker Studio started ===
2025-03-29 17:13:28 - INFO - === AI Sticker Studio started ===
2025-03-29 17:13:28 - INFO - Uploaded file saved: ./uploads\test1.png
2025-03-29 17:13:28 - INFO - Segmenting image: ./uploads\test1.png
2025-03-29 17:13:28 - INFO - Theme change to Original
2025-03-29 17:13:28 - INFO - Generating sticker with caption: fontcolor, theme: Original, color: #a00e0e
2025-03-29 17:13:29 - INFO - Sticker successfully generated: stickers\sticker_20250329_171328.webp
2025-03-29 17:15:14 - INFO - === AI Sticker Studio started ===
2025-03-29 17:15:14 - INFO - === AI Sticker Studio started ===
2025-03-29 17:15:14 - INFO - Uploaded file saved: ./uploads\test1.png
2025-03-29 17:15:14 - INFO - Segmenting image: ./uploads\test1.png
2025-03-29 17:15:14 - INFO - Theme change to Original
2025-03-29 17:15:14 - INFO - Generating sticker with caption: funda, theme: Original, color: #a00e0e
2025-03-29 17:15:15 - INFO - Successfully created sticker: ./stickers\whatsapp_sticker_20250329_171515.webp
2025-03-29 17:15:15 - INFO - Sticker successfully generated: ./stickers\whatsapp_sticker_20250329_171515.webp
2025-03-29 17:15:58 - INFO - === AI Sticker Studio started ===
2025-03-29 17:16:00 - INFO - === AI Sticker Studio started ===
2025-03-29 17:16:00 - INFO - Uploaded file saved: ./uploads\test2.png
2025-03-29 17:16:00 - INFO - Segmenting image: ./uploads\test2.png
2025-03-29 17:16:00 - INFO - Theme change to Original
2025-03-29 17:16:00 - INFO - Generating sticker with caption: funda, theme: Original, color: #a00e0e
2025-03-29 17:16:01 - INFO - Successfully created sticker: ./stickers\whatsapp_sticker_20250329_171601.webp
2025-03-29 17:16:01 - INFO - Sticker successfully generated: ./stickers\whatsapp_sticker_20250329_171601.webp
2025-03-29 17:17:37 - INFO - === AI Sticker Studio started ===
2025-03-29 17:17:37 - INFO - Uploaded file saved: ./uploads\test2.png
2025-03-29 17:17:37 - INFO - Segmenting image: ./uploads\test2.png
2025-03-29 17:17:37 - INFO - Theme change to Original
2025-03-29 17:17:37 - INFO - Generating sticker with caption: funda, theme: Original, color: #a00e0e
2025-03-29 17:17:37 - INFO - Successfully created sticker: ./stickers\sticker_funda_20250329_171737.webp
2025-03-29 17:17:37 - INFO - Sticker successfully generated: ./stickers\sticker_funda_20250329_171737.webp
2025-03-29 17:19:11 - INFO - === AI Sticker Studio closed ===
2025-03-29 17:19:11 - INFO - === AI Sticker Studio closed ===
2025-03-29 17:19:11 - INFO - === AI Sticker Studio closed ===
2025-03-29 17:19:11 - INFO - === AI Sticker Studio closed ===
2025-03-29 17:19:11 - INFO - === AI Sticker Studio closed ===
2025-03-29 17:19:11 - INFO - === AI Sticker Studio closed ===
2025-03-29 17:19:11 - INFO - === AI Sticker Studio closed ===
2025-03-29 17:19:11 - INFO - === AI Sticker Studio closed ===
2025-03-29 17:19:11 - INFO - === AI Sticker Studio closed ===
2025-03-29 17:19:11 - INFO - === AI Sticker Studio closed ===
2025-03-29 17:19:11 - INFO - === AI Sticker Studio closed ===
2025-03-29 17:19:11 - INFO - === AI Sticker Studio closed ===
2025-03-29 17:19:11 - INFO - === AI Sticker Studio closed ===
2025-03-29 17:19:11 - INFO - === AI Sticker Studio closed ===
2025-03-29 17:19:11 - INFO - === AI Sticker Studio closed ===
2025-03-29 17:19:11 - INFO - === AI Sticker Studio closed ===
2025-03-29 17:19:11 - INFO - === AI Sticker Studio closed ===
2025-03-29 17:19:11 - INFO - === AI Sticker Studio closed ===
2025-03-29 17:19:11 - INFO - === AI Sticker Studio closed ===
2025-03-29 17:19:11 - INFO - === AI Sticker Studio closed ===
2025-03-29 17:19:11 - INFO - === AI Sticker Studio closed ===
2025-03-29 17:19:11 - INFO - === AI Sticker Studio closed ===
2025-03-29 17:19:11 - INFO - === AI Sticker Studio closed ===
2025-03-29 17:19:11 - INFO - === AI Sticker Studio closed ===
