2025-04-29 11:34:31 - INFO - === AI Sticker Studio started ===
2025-04-29 11:34:35 - WARNING - Compiled the loaded model, but the compiled metrics have yet to be built. `model.compile_metrics` will be empty until you train or evaluate the model.
2025-04-29 11:34:35 - INFO - Classifier model loaded from: models/Ghibli-normal-classifier/Mobilenet_ghibli_normal.h5
2025-04-29 11:35:35 - INFO - === AI Sticker Studio started ===
2025-04-29 11:35:38 - WARNING - Compiled the loaded model, but the compiled metrics have yet to be built. `model.compile_metrics` will be empty until you train or evaluate the model.
2025-04-29 11:35:38 - INFO - Classifier model loaded from: models/Ghibli-normal-classifier/Mobilenet_ghibli_normal.h5
2025-04-29 11:36:32 - INFO - === AI Sticker Studio started ===
2025-04-29 11:36:36 - WARNING - Compiled the loaded model, but the compiled metrics have yet to be built. `model.compile_metrics` will be empty until you train or evaluate the model.
2025-04-29 11:36:36 - INFO - Classifier model loaded from: models/Ghibli-normal-classifier/Mobilenet_ghibli_normal.h5
2025-04-29 11:36:37 - INFO - === AI Sticker Studio started ===
2025-04-29 11:36:39 - INFO - === AI Sticker Studio started ===
2025-04-29 11:36:42 - WARNING - Compiled the loaded model, but the compiled metrics have yet to be built. `model.compile_metrics` will be empty until you train or evaluate the model.
2025-04-29 11:36:42 - INFO - Classifier model loaded from: models/Ghibli-normal-classifier/Mobilenet_ghibli_normal.h5
2025-04-29 11:36:43 - WARNING - Compiled the loaded model, but the compiled metrics have yet to be built. `model.compile_metrics` will be empty until you train or evaluate the model.
2025-04-29 11:36:43 - INFO - Classifier model loaded from: models/Ghibli-normal-classifier/Mobilenet_ghibli_normal.h5
2025-04-29 11:36:47 - INFO - === AI Sticker Studio started ===
2025-04-29 11:36:51 - WARNING - Compiled the loaded model, but the compiled metrics have yet to be built. `model.compile_metrics` will be empty until you train or evaluate the model.
2025-04-29 11:36:51 - INFO - Classifier model loaded from: models/Ghibli-normal-classifier/Mobilenet_ghibli_normal.h5
2025-04-29 11:36:54 - INFO - === AI Sticker Studio started ===
2025-04-29 11:36:58 - WARNING - Compiled the loaded model, but the compiled metrics have yet to be built. `model.compile_metrics` will be empty until you train or evaluate the model.
2025-04-29 11:36:58 - INFO - Classifier model loaded from: models/Ghibli-normal-classifier/Mobilenet_ghibli_normal.h5
2025-04-29 11:36:58 - INFO - Generating image from text: 'A cartoon cow in the style of studio ghibli animation that is jumping towards the moon from india.'
2025-04-29 11:37:18 - INFO - Image successfully generated from text: ghibli images/5f7cc9965939b9d549359c2af8f304e6559b4301b80c49fd0d464e9307cce978.png
2025-04-29 11:37:18 - INFO - Using generated image directly for segmentation.
2025-04-29 11:37:20 - INFO - Successfully created sticker: stickers/sticker_Moooooonnnn..._11-37-18.webp
2025-04-29 11:37:20 - INFO - Sticker successfully generated from text-based image: stickers/sticker_Moooooonnnn..._11-37-18.webp
2025-04-29 11:38:52 - INFO - === AI Sticker Studio started ===
2025-04-29 11:38:56 - WARNING - Compiled the loaded model, but the compiled metrics have yet to be built. `model.compile_metrics` will be empty until you train or evaluate the model.
2025-04-29 11:38:56 - INFO - Classifier model loaded from: models/Ghibli-normal-classifier/Mobilenet_ghibli_normal.h5
2025-04-29 11:46:05 - INFO - === AI Sticker Studio started ===
2025-04-29 11:46:11 - WARNING - Compiled the loaded model, but the compiled metrics have yet to be built. `model.compile_metrics` will be empty until you train or evaluate the model.
2025-04-29 11:46:11 - INFO - Classifier model loaded from: models/Ghibli-normal-classifier/Mobilenet_ghibli_normal.h5
2025-04-29 11:46:15 - INFO - === AI Sticker Studio started ===
2025-04-29 11:46:19 - WARNING - Compiled the loaded model, but the compiled metrics have yet to be built. `model.compile_metrics` will be empty until you train or evaluate the model.
2025-04-29 11:46:19 - INFO - Classifier model loaded from: models/Ghibli-normal-classifier/Mobilenet_ghibli_normal.h5
2025-04-29 11:46:22 - INFO - === AI Sticker Studio started ===
2025-04-29 11:46:25 - WARNING - Compiled the loaded model, but the compiled metrics have yet to be built. `model.compile_metrics` will be empty until you train or evaluate the model.
2025-04-29 11:46:25 - INFO - Classifier model loaded from: models/Ghibli-normal-classifier/Mobilenet_ghibli_normal.h5
2025-04-29 11:46:27 - INFO - === AI Sticker Studio started ===
2025-04-29 11:46:31 - WARNING - Compiled the loaded model, but the compiled metrics have yet to be built. `model.compile_metrics` will be empty until you train or evaluate the model.
2025-04-29 11:46:31 - INFO - Classifier model loaded from: models/Ghibli-normal-classifier/Mobilenet_ghibli_normal.h5
2025-04-29 11:46:31 - INFO - Generating image from text: 'A pidgeon with donald trumps face, threatening china, represented by a fierce dragon'
2025-04-29 11:46:51 - INFO - Image successfully generated from text: ghibli images/655985e968ad9733d007fa90bcf549243e1bcde0c65a80d77d92eafc2f84360a.png
2025-04-29 11:46:51 - INFO - Using generated image directly for segmentation.
2025-04-29 11:46:52 - INFO - Successfully created sticker: stickers/sticker_Tariffs!!!_11-46-52.webp
2025-04-29 11:46:52 - INFO - Sticker successfully generated from text-based image: stickers/sticker_Tariffs!!!_11-46-52.webp
2025-04-29 11:47:10 - INFO - === AI Sticker Studio started ===
2025-04-29 11:47:16 - WARNING - Compiled the loaded model, but the compiled metrics have yet to be built. `model.compile_metrics` will be empty until you train or evaluate the model.
2025-04-29 11:47:16 - INFO - Classifier model loaded from: models/Ghibli-normal-classifier/Mobilenet_ghibli_normal.h5
2025-04-29 11:47:39 - INFO - === AI Sticker Studio closed ===
