2025-04-29 22:12:45 - INFO - === AI Sticker Studio started ===
2025-04-29 22:12:47 - WARNING - Compiled the loaded model, but the compiled metrics have yet to be built. `model.compile_metrics` will be empty until you train or evaluate the model.
2025-04-29 22:12:47 - INFO - Classifier model loaded from: models/Ghibli-normal-classifier/Mobilenet_ghibli_normal.h5
2025-04-29 22:12:48 - WARNING - From C:\Users\niksh\Desktop\Ghibli-Sticker-Studio\.venv-win\Lib\site-packages\keras\src\backend\common\global_state.py:82: The name tf.reset_default_graph is deprecated. Please use tf.compat.v1.reset_default_graph instead.

2025-04-29 22:12:51 - INFO - === AI Sticker Studio started ===
2025-04-29 22:12:52 - WARNING - Compiled the loaded model, but the compiled metrics have yet to be built. `model.compile_metrics` will be empty until you train or evaluate the model.
2025-04-29 22:12:52 - INFO - Classifier model loaded from: models/Ghibli-normal-classifier/Mobilenet_ghibli_normal.h5
2025-04-29 22:12:55 - INFO - === AI Sticker Studio started ===
2025-04-29 22:12:56 - WARNING - Compiled the loaded model, but the compiled metrics have yet to be built. `model.compile_metrics` will be empty until you train or evaluate the model.
2025-04-29 22:12:56 - INFO - Classifier model loaded from: models/Ghibli-normal-classifier/Mobilenet_ghibli_normal.h5
2025-04-29 22:12:58 - INFO - === AI Sticker Studio started ===
2025-04-29 22:13:00 - WARNING - Compiled the loaded model, but the compiled metrics have yet to be built. `model.compile_metrics` will be empty until you train or evaluate the model.
2025-04-29 22:13:00 - INFO - Classifier model loaded from: models/Ghibli-normal-classifier/Mobilenet_ghibli_normal.h5
2025-04-29 22:13:01 - INFO - === AI Sticker Studio started ===
2025-04-29 22:13:02 - WARNING - Compiled the loaded model, but the compiled metrics have yet to be built. `model.compile_metrics` will be empty until you train or evaluate the model.
2025-04-29 22:13:02 - INFO - Classifier model loaded from: models/Ghibli-normal-classifier/Mobilenet_ghibli_normal.h5
2025-04-29 22:13:14 - INFO - === AI Sticker Studio started ===
2025-04-29 22:13:14 - INFO - === AI Sticker Studio started ===
2025-04-29 22:13:16 - WARNING - Compiled the loaded model, but the compiled metrics have yet to be built. `model.compile_metrics` will be empty until you train or evaluate the model.
2025-04-29 22:13:16 - WARNING - Compiled the loaded model, but the compiled metrics have yet to be built. `model.compile_metrics` will be empty until you train or evaluate the model.
2025-04-29 22:13:16 - INFO - Classifier model loaded from: models/Ghibli-normal-classifier/Mobilenet_ghibli_normal.h5
2025-04-29 22:13:16 - INFO - Classifier model loaded from: models/Ghibli-normal-classifier/Mobilenet_ghibli_normal.h5
2025-04-29 22:13:16 - INFO - Generating image from text: 'mountains and grasses with a river'
2025-04-29 22:13:21 - ERROR - Error in processing sticker from text input: stat: path should be string, bytes, os.PathLike or integer, not NoneType
Traceback (most recent call last):
  File "C:\Users\niksh\Desktop\Ghibli-Sticker-Studio\src\main.py", line 119, in process_sticker_from_text
    if not os.path.exists(generated_img_path):
           ^^^^^^^^^^^^^^^^^^^^^^^^^^^^^^^^^^
  File "<frozen genericpath>", line 19, in exists
TypeError: stat: path should be string, bytes, os.PathLike or integer, not NoneType
2025-04-29 22:13:56 - INFO - === AI Sticker Studio closed ===
