2025-04-13 18:07:11 - INFO - Logging configured to file: logs/studio_2025-04-13_18-07-11.log
2025-04-13 18:07:11 - INFO - GrokImageConverterGUI initialized. Output directory: C:\Users\niksh\Desktop\Ghibli-Sticker-Studio\grok_output_images_gui
2025-04-13 18:07:11 - INFO - Attempting to open Edge and navigate to Grok...
2025-04-13 18:07:11 - INFO - Pressing the Windows key.
2025-04-13 18:07:12 - INFO - Typing 'edge'.
2025-04-13 18:07:14 - INFO - Pressing Enter to open Edge.
2025-04-13 18:07:15 - INFO - Moving mouse to address bar coordinates: (309, 70).
2025-04-13 18:07:16 - INFO - Clicking on the address bar.
2025-04-13 18:07:16 - INFO - Writing Grok URL: https://grok.com/chat/c6a8facb-f82c-46ba-be6b-379d0957bd2a
2025-04-13 18:07:16 - INFO - Pressing Enter to navigate to Grok.
2025-04-13 18:07:18 - INFO - Navigated to Grok. Waiting for user login.
2025-04-13 18:07:18 - INFO - Using prompt: Convert this image to a Ghibli style in HD.
2025-04-13 18:07:18 - INFO - Attempting to upload image and enter prompt...
2025-04-13 18:07:18 - INFO - Image found at path: C:\Users\niksh\Desktop\test1.png
2025-04-13 18:07:18 - INFO - Moving mouse to upload button coordinates: (509, 1024).
2025-04-13 18:07:19 - INFO - Clicking the upload button.
2025-04-13 18:07:21 - INFO - Waiting for file dialog to appear.
2025-04-13 18:07:21 - INFO - Moving mouse to the second upload button coordinates: (576, 922).
2025-04-13 18:07:22 - INFO - Clicking the second upload button.
2025-04-13 18:07:23 - INFO - Waiting for file dialog to appear after second click.
2025-04-13 18:07:23 - INFO - Typing image path into file dialog: C:\Users\niksh\Desktop\test1.png
2025-04-13 18:07:26 - INFO - Pressing Enter in the file dialog.
2025-04-13 18:07:28 - INFO - Waiting for image to upload.
2025-04-13 18:07:28 - INFO - Moving mouse to prompt field coordinates: (847, 956).
2025-04-13 18:07:30 - INFO - Clicking on the prompt field.
2025-04-13 18:07:30 - INFO - Writing prompt: Convert this image to a Ghibli style in HD.
2025-04-13 18:07:33 - INFO - Pressing Enter after writing the prompt.
2025-04-13 18:08:12 - INFO - Image uploaded and prompt entered. Waiting for output.
2025-04-13 18:08:12 - INFO - Attempting to save the output image...
2025-04-13 18:08:12 - INFO - Moving mouse to output image coordinates: (1152, 535).
2025-04-13 18:08:14 - INFO - Right-clicking on the output image.
2025-04-13 18:08:15 - INFO - Moving mouse to 'Save image as...' coordinates: (1158, 535).
2025-04-13 18:08:16 - INFO - Clicking 'Save image as...'
2025-04-13 18:08:18 - INFO - Waiting for the save dialog.
2025-04-13 18:08:18 - INFO - Typing output filename: C:\Users\niksh\Desktop\Ghibli-Sticker-Studio\grok_output_images_gui\grok_ghibli_output.png
2025-04-13 18:08:21 - INFO - Pressing Enter to save the image.
2025-04-13 18:08:24 - INFO - Output image saved to: C:\Users\niksh\Desktop\Ghibli-Sticker-Studio\grok_output_images_gui\grok_ghibli_output.png
2025-04-13 18:08:24 - INFO - Ghibli image saved at: C:\Users\niksh\Desktop\Ghibli-Sticker-Studio\grok_output_images_gui\grok_ghibli_output.png
2025-04-13 18:08:24 - INFO - theme_convertor function finished. Returning: C:\Users\niksh\Desktop\Ghibli-Sticker-Studio\grok_output_images_gui\grok_ghibli_output.png
