2025-04-29 14:28:36 - INFO - === AI Sticker Studio started ===
2025-04-29 14:28:36 - INFO - === AI Sticker Studio started ===
2025-04-29 14:28:40 - WARNING - Compiled the loaded model, but the compiled metrics have yet to be built. `model.compile_metrics` will be empty until you train or evaluate the model.
2025-04-29 14:28:40 - WARNING - Compiled the loaded model, but the compiled metrics have yet to be built. `model.compile_metrics` will be empty until you train or evaluate the model.
2025-04-29 14:28:40 - INFO - Classifier model loaded from: models/Ghibli-normal-classifier/Mobilenet_ghibli_normal.h5
2025-04-29 14:28:40 - INFO - Classifier model loaded from: models/Ghibli-normal-classifier/Mobilenet_ghibli_normal.h5
2025-04-29 14:29:17 - INFO - === AI Sticker Studio started ===
2025-04-29 14:29:21 - WARNING - Compiled the loaded model, but the compiled metrics have yet to be built. `model.compile_metrics` will be empty until you train or evaluate the model.
2025-04-29 14:29:21 - INFO - Classifier model loaded from: models/Ghibli-normal-classifier/Mobilenet_ghibli_normal.h5
2025-04-29 14:29:42 - INFO - === AI Sticker Studio started ===
2025-04-29 14:29:45 - WARNING - Compiled the loaded model, but the compiled metrics have yet to be built. `model.compile_metrics` will be empty until you train or evaluate the model.
2025-04-29 14:29:46 - INFO - Classifier model loaded from: models/Ghibli-normal-classifier/Mobilenet_ghibli_normal.h5
2025-04-29 14:29:52 - INFO - === AI Sticker Studio started ===
2025-04-29 14:29:55 - INFO - === AI Sticker Studio started ===
2025-04-29 14:29:57 - INFO - === AI Sticker Studio started ===
2025-04-29 14:29:59 - INFO - === AI Sticker Studio started ===
2025-04-29 14:30:00 - WARNING - Compiled the loaded model, but the compiled metrics have yet to be built. `model.compile_metrics` will be empty until you train or evaluate the model.
2025-04-29 14:30:00 - INFO - Classifier model loaded from: models/Ghibli-normal-classifier/Mobilenet_ghibli_normal.h5
2025-04-29 14:30:01 - ERROR - Error loading classifier model: 'NoneType' object has no attribute 'pop'
2025-04-29 14:30:02 - ERROR - Error loading classifier model: 'NoneType' object has no attribute 'pop'
2025-04-29 14:30:04 - WARNING - Compiled the loaded model, but the compiled metrics have yet to be built. `model.compile_metrics` will be empty until you train or evaluate the model.
2025-04-29 14:30:04 - INFO - Classifier model loaded from: models/Ghibli-normal-classifier/Mobilenet_ghibli_normal.h5
2025-04-29 14:30:06 - INFO - === AI Sticker Studio started ===
2025-04-29 14:30:09 - WARNING - Compiled the loaded model, but the compiled metrics have yet to be built. `model.compile_metrics` will be empty until you train or evaluate the model.
2025-04-29 14:30:09 - INFO - Classifier model loaded from: models/Ghibli-normal-classifier/Mobilenet_ghibli_normal.h5
2025-04-29 14:30:09 - INFO - Generating image from text: 'A fat panda in red tshirt and teal shorts, high on coffee'
2025-04-29 14:30:26 - INFO - Image successfully generated from text: ghibli images/5b3b540e681b86d510ea819a5e2a5fdde24769dcac96d0374b8806838218299e.png
2025-04-29 14:30:26 - INFO - Using generated image directly for segmentation.
2025-04-29 14:30:26 - ERROR - Error in processing sticker from text input: segmentor() got an unexpected keyword argument 'model_name'
Traceback (most recent call last):
  File "/mnt/c/Users/niksh/Desktop/Ghibli-Sticker-Studio/src/main.py", line 131, in process_sticker_from_text
    seg_img_path = segmentor(themed_img_path, log_filename, model_name='ghibli')
                   ^^^^^^^^^^^^^^^^^^^^^^^^^^^^^^^^^^^^^^^^^^^^^^^^^^^^^^^^^^^^^
TypeError: segmentor() got an unexpected keyword argument 'model_name'
2025-04-29 14:32:56 - INFO - === AI Sticker Studio started ===
2025-04-29 14:32:59 - WARNING - Compiled the loaded model, but the compiled metrics have yet to be built. `model.compile_metrics` will be empty until you train or evaluate the model.
2025-04-29 14:32:59 - INFO - Classifier model loaded from: models/Ghibli-normal-classifier/Mobilenet_ghibli_normal.h5
2025-04-29 14:32:59 - INFO - Generating image from text: 'A fat panda in red tshirt and teal shorts, high on coffee'
2025-04-29 14:33:19 - INFO - Image successfully generated from text: ghibli images/5b3b540e681b86d510ea819a5e2a5fdde24769dcac96d0374b8806838218299e.png
2025-04-29 14:33:19 - INFO - Using generated image directly for segmentation.
2025-04-29 14:33:19 - ERROR - Error in processing sticker from text input: segmentor() got an unexpected keyword argument 'model_name'
Traceback (most recent call last):
  File "/mnt/c/Users/niksh/Desktop/Ghibli-Sticker-Studio/src/main.py", line 131, in process_sticker_from_text
    seg_img_path = segmentor(themed_img_path, log_filename, model_name='ghibli')
                   ^^^^^^^^^^^^^^^^^^^^^^^^^^^^^^^^^^^^^^^^^^^^^^^^^^^^^^^^^^^^^
TypeError: segmentor() got an unexpected keyword argument 'model_name'
2025-04-29 14:35:15 - INFO - === AI Sticker Studio closed ===
