2025-04-14 05:35:36 - INFO - === AI Sticker Studio started ===
2025-04-14 05:35:37 - WARNING - Compiled the loaded model, but the compiled metrics have yet to be built. `model.compile_metrics` will be empty until you train or evaluate the model.
2025-04-14 05:35:37 - INFO - ResNet model loaded from: models\Ghibli-normal-classifier\Resnet_ghibli_normal.h5
2025-04-14 05:35:38 - WARNING - From c:\Users\niksh\Desktop\Ghibli-Sticker-Studio\.venv\Lib\site-packages\keras\src\backend\common\global_state.py:82: The name tf.reset_default_graph is deprecated. Please use tf.compat.v1.reset_default_graph instead.

2025-04-14 05:35:59 - INFO - === AI Sticker Studio started ===
2025-04-14 05:36:01 - WARNING - Compiled the loaded model, but the compiled metrics have yet to be built. `model.compile_metrics` will be empty until you train or evaluate the model.
2025-04-14 05:36:01 - INFO - ResNet model loaded from: models\Ghibli-normal-classifier\Resnet_ghibli_normal.h5
2025-04-14 05:36:18 - INFO - === AI Sticker Studio started ===
2025-04-14 05:36:19 - INFO - === AI Sticker Studio started ===
2025-04-14 05:36:20 - INFO - === AI Sticker Studio started ===
2025-04-14 05:36:22 - WARNING - Compiled the loaded model, but the compiled metrics have yet to be built. `model.compile_metrics` will be empty until you train or evaluate the model.
2025-04-14 05:36:22 - WARNING - Compiled the loaded model, but the compiled metrics have yet to be built. `model.compile_metrics` will be empty until you train or evaluate the model.
2025-04-14 05:36:22 - INFO - ResNet model loaded from: models\Ghibli-normal-classifier\Resnet_ghibli_normal.h5
2025-04-14 05:36:23 - INFO - ResNet model loaded from: models\Ghibli-normal-classifier\Resnet_ghibli_normal.h5
2025-04-14 05:36:23 - WARNING - Compiled the loaded model, but the compiled metrics have yet to be built. `model.compile_metrics` will be empty until you train or evaluate the model.
2025-04-14 05:36:23 - INFO - ResNet model loaded from: models\Ghibli-normal-classifier\Resnet_ghibli_normal.h5
2025-04-14 05:36:23 - INFO - Uploaded file saved: C:\Users\niksh\Desktop\Ghibli-Sticker-Studio\uploads\test_00.png
2025-04-14 05:36:26 - INFO - Applying Ghibli theme...
2025-04-14 05:36:26 - INFO - Logging configured to file: logs\studio_2025-04-14_05-36-20.log
2025-04-14 05:36:26 - INFO - GrokImageConverterGUI initialized. Output directory: C:\Users\niksh\Desktop\Ghibli-Sticker-Studio\ghibli_images
2025-04-14 05:36:26 - INFO - Attempting to open Edge and navigate to Grok...
2025-04-14 05:36:26 - INFO - Pressing the Windows key.
2025-04-14 05:36:27 - INFO - Typing 'edge'.
2025-04-14 05:36:29 - INFO - Pressing Enter to open Edge.
2025-04-14 05:36:30 - INFO - Moving mouse to address bar coordinates: (309, 70).
2025-04-14 05:36:31 - INFO - Clicking on the address bar.
2025-04-14 05:36:31 - INFO - Writing Grok URL: https://grok.com/chat/c6a8facb-f82c-46ba-be6b-379d0957bd2a
2025-04-14 05:36:31 - INFO - Pressing Enter to navigate to Grok.
2025-04-14 05:36:33 - INFO - Navigated to Grok. Waiting for user login.
2025-04-14 05:36:33 - INFO - Using prompt: Convert this image to a Ghibli style in HD.
2025-04-14 05:36:33 - INFO - Attempting to upload image and enter prompt...
2025-04-14 05:36:33 - INFO - Image found at path: C:\Users\niksh\Desktop\Ghibli-Sticker-Studio\uploads\test_00.png
2025-04-14 05:36:33 - INFO - Moving mouse to upload button coordinates: (509, 1024).
2025-04-14 05:36:35 - INFO - Clicking the upload button.
2025-04-14 05:36:36 - INFO - Waiting for file dialog to appear.
2025-04-14 05:36:36 - INFO - Moving mouse to the second upload button coordinates: (576, 922).
2025-04-14 05:36:37 - INFO - Clicking the second upload button.
2025-04-14 05:36:38 - INFO - Waiting for file dialog to appear after second click.
2025-04-14 05:36:38 - INFO - Typing image path into file dialog: C:\Users\niksh\Desktop\Ghibli-Sticker-Studio\uploads\test_00.png
2025-04-14 05:36:42 - INFO - Pressing Enter in the file dialog.
2025-04-14 05:36:45 - INFO - Waiting for image to upload.
2025-04-14 05:36:45 - INFO - Moving mouse to prompt field coordinates: (847, 956).
2025-04-14 05:36:46 - INFO - Clicking on the prompt field.
2025-04-14 05:36:47 - INFO - Writing prompt: Convert this image to a Ghibli style in HD.
2025-04-14 05:36:50 - INFO - Pressing Enter after writing the prompt.
