2025-04-14 04:57:53 - INFO - === AI Sticker Studio started ===
2025-04-14 04:57:55 - WARNING - Compiled the loaded model, but the compiled metrics have yet to be built. `model.compile_metrics` will be empty until you train or evaluate the model.
2025-04-14 04:57:55 - INFO - ResNet model loaded from: models\Ghibli-normal-classifier\Resnet_ghibli_normal.h5
2025-04-14 04:57:56 - WARNING - From c:\Users\niksh\Desktop\Ghibli-Sticker-Studio\.venv\Lib\site-packages\keras\src\backend\common\global_state.py:82: The name tf.reset_default_graph is deprecated. Please use tf.compat.v1.reset_default_graph instead.

2025-04-14 04:58:10 - INFO - === AI Sticker Studio started ===
2025-04-14 04:58:12 - WARNING - Compiled the loaded model, but the compiled metrics have yet to be built. `model.compile_metrics` will be empty until you train or evaluate the model.
2025-04-14 04:58:12 - INFO - ResNet model loaded from: models\Ghibli-normal-classifier\Resnet_ghibli_normal.h5
2025-04-14 04:58:24 - INFO - === AI Sticker Studio started ===
2025-04-14 04:58:26 - WARNING - Compiled the loaded model, but the compiled metrics have yet to be built. `model.compile_metrics` will be empty until you train or evaluate the model.
2025-04-14 04:58:26 - INFO - ResNet model loaded from: models\Ghibli-normal-classifier\Resnet_ghibli_normal.h5
2025-04-14 04:58:26 - INFO - === AI Sticker Studio started ===
2025-04-14 04:58:27 - INFO - === AI Sticker Studio started ===
2025-04-14 04:58:28 - WARNING - Compiled the loaded model, but the compiled metrics have yet to be built. `model.compile_metrics` will be empty until you train or evaluate the model.
2025-04-14 04:58:28 - INFO - ResNet model loaded from: models\Ghibli-normal-classifier\Resnet_ghibli_normal.h5
2025-04-14 04:58:28 - ERROR - Error loading ResNet model: 'NoneType' object has no attribute 'pop'. 'Normal' prediction based theming will be skipped.
2025-04-14 04:58:29 - INFO - === AI Sticker Studio started ===
2025-04-14 04:58:31 - WARNING - Compiled the loaded model, but the compiled metrics have yet to be built. `model.compile_metrics` will be empty until you train or evaluate the model.
2025-04-14 04:58:31 - INFO - ResNet model loaded from: models\Ghibli-normal-classifier\Resnet_ghibli_normal.h5
2025-04-14 04:58:31 - INFO - Uploaded file saved: ./uploads\IMG_0072.JPG
2025-04-14 04:58:33 - INFO - Applying Ghibli theme...
2025-04-14 04:58:33 - INFO - Logging configured to file: ./logs\studio_2025-04-14_04-58-29.log
2025-04-14 04:58:33 - INFO - GrokImageConverterGUI initialized. Output directory: C:\Users\niksh\Desktop\Ghibli-Sticker-Studio\grok_output_images_gui
2025-04-14 04:58:33 - INFO - Attempting to open Edge and navigate to Grok...
2025-04-14 04:58:33 - INFO - Pressing the Windows key.
2025-04-14 04:58:34 - INFO - Typing 'edge'.
2025-04-14 04:58:36 - INFO - Pressing Enter to open Edge.
2025-04-14 04:58:37 - INFO - Moving mouse to address bar coordinates: (309, 70).
2025-04-14 04:58:38 - INFO - Clicking on the address bar.
2025-04-14 04:58:38 - INFO - Writing Grok URL: https://grok.com/chat/c6a8facb-f82c-46ba-be6b-379d0957bd2a
2025-04-14 04:58:38 - INFO - Pressing Enter to navigate to Grok.
2025-04-14 04:58:40 - INFO - Navigated to Grok. Waiting for user login.
2025-04-14 04:58:40 - INFO - Using prompt: Convert this image to a Ghibli style in HD.
2025-04-14 04:58:40 - INFO - Attempting to upload image and enter prompt...
2025-04-14 04:58:40 - INFO - Image found at path: ./uploads\IMG_0072.JPG
2025-04-14 04:58:40 - INFO - Moving mouse to upload button coordinates: (509, 1024).
2025-04-14 04:58:42 - INFO - Clicking the upload button.
2025-04-14 04:58:43 - INFO - Waiting for file dialog to appear.
2025-04-14 04:58:43 - INFO - Moving mouse to the second upload button coordinates: (576, 922).
2025-04-14 04:58:44 - INFO - Clicking the second upload button.
2025-04-14 04:58:45 - INFO - Waiting for file dialog to appear after second click.
2025-04-14 04:58:45 - INFO - Typing image path into file dialog: ./uploads\IMG_0072.JPG
2025-04-14 04:58:48 - INFO - Pressing Enter in the file dialog.
2025-04-14 04:58:50 - INFO - Waiting for image to upload.
2025-04-14 04:58:50 - INFO - Moving mouse to prompt field coordinates: (847, 956).
2025-04-14 04:58:51 - INFO - Clicking on the prompt field.
2025-04-14 04:58:52 - INFO - Writing prompt: Convert this image to a Ghibli style in HD.
2025-04-14 04:58:55 - INFO - Pressing Enter after writing the prompt.
2025-04-14 04:58:55 - INFO - === AI Sticker Studio started ===
2025-04-14 04:58:56 - WARNING - Compiled the loaded model, but the compiled metrics have yet to be built. `model.compile_metrics` will be empty until you train or evaluate the model.
2025-04-14 04:58:56 - INFO - ResNet model loaded from: models\Ghibli-normal-classifier\Resnet_ghibli_normal.h5
2025-04-14 04:58:56 - INFO - Uploaded file saved: ./uploads\IMG_0072.JPG
2025-04-14 04:58:59 - INFO - Applying Ghibli theme...
2025-04-14 04:58:59 - INFO - Logging configured to file: ./logs\studio_2025-04-14_04-58-55.log
2025-04-14 04:58:59 - INFO - GrokImageConverterGUI initialized. Output directory: C:\Users\niksh\Desktop\Ghibli-Sticker-Studio\grok_output_images_gui
2025-04-14 04:58:59 - INFO - Attempting to open Edge and navigate to Grok...
2025-04-14 04:58:59 - INFO - Pressing the Windows key.
2025-04-14 04:59:00 - INFO - Typing 'edge'.
2025-04-14 04:59:01 - INFO - Pressing Enter to open Edge.
2025-04-14 04:59:02 - INFO - Moving mouse to address bar coordinates: (309, 70).
2025-04-14 04:59:04 - INFO - Clicking on the address bar.
2025-04-14 04:59:04 - INFO - Writing Grok URL: https://grok.com/chat/c6a8facb-f82c-46ba-be6b-379d0957bd2a
2025-04-14 04:59:04 - INFO - Pressing Enter to navigate to Grok.
2025-04-14 04:59:06 - INFO - Navigated to Grok. Waiting for user login.
2025-04-14 04:59:06 - INFO - Using prompt: Convert this image to a Ghibli style in HD.
2025-04-14 04:59:06 - INFO - Attempting to upload image and enter prompt...
2025-04-14 04:59:06 - INFO - Image found at path: ./uploads\IMG_0072.JPG
2025-04-14 04:59:06 - INFO - Moving mouse to upload button coordinates: (509, 1024).
2025-04-14 04:59:07 - INFO - Clicking the upload button.
2025-04-14 04:59:08 - INFO - Waiting for file dialog to appear.
2025-04-14 04:59:08 - INFO - Moving mouse to the second upload button coordinates: (576, 922).
2025-04-14 04:59:09 - INFO - Clicking the second upload button.
2025-04-14 04:59:11 - INFO - Waiting for file dialog to appear after second click.
2025-04-14 04:59:11 - INFO - Typing image path into file dialog: ./uploads\IMG_0072.JPG
2025-04-14 04:59:14 - INFO - Pressing Enter in the file dialog.
2025-04-14 04:59:16 - INFO - Waiting for image to upload.
2025-04-14 04:59:16 - INFO - Moving mouse to prompt field coordinates: (847, 956).
2025-04-14 04:59:17 - INFO - Clicking on the prompt field.
2025-04-14 04:59:17 - INFO - Writing prompt: Convert this image to a Ghibli style in HD.
2025-04-14 04:59:20 - INFO - Pressing Enter after writing the prompt.
2025-04-14 04:59:34 - INFO - Image uploaded and prompt entered. Waiting for output.
2025-04-14 04:59:34 - INFO - Attempting to save the output image...
2025-04-14 04:59:34 - INFO - Moving mouse to output image coordinates: (1152, 535).
2025-04-14 04:59:35 - INFO - Right-clicking on the output image.
2025-04-14 04:59:36 - INFO - Moving mouse to 'Save image as...' coordinates: (1158, 535).
2025-04-14 04:59:37 - INFO - Clicking 'Save image as...'
2025-04-14 04:59:40 - INFO - Waiting for the save dialog.
2025-04-14 04:59:40 - INFO - Typing output filename: C:\Users\niksh\Desktop\Ghibli-Sticker-Studio\grok_output_images_gui\grok_ghibli_output.png
2025-04-14 04:59:42 - INFO - Pressing Enter to save the image.
2025-04-14 04:59:45 - INFO - Output image saved to: C:\Users\niksh\Desktop\Ghibli-Sticker-Studio\grok_output_images_gui\grok_ghibli_output.png
2025-04-14 04:59:45 - INFO - Ghibli image saved at: C:\Users\niksh\Desktop\Ghibli-Sticker-Studio\grok_output_images_gui\grok_ghibli_output.png
2025-04-14 04:59:45 - INFO - theme_convertor function finished. Returning: C:\Users\niksh\Desktop\Ghibli-Sticker-Studio\grok_output_images_gui\grok_ghibli_output.png
2025-04-14 04:59:45 - INFO - Segmenting image: ./uploads\IMG_0072.JPG
2025-04-14 04:59:45 - INFO - Generating sticker with caption: hijacked, theme: Original, color: #d62b2b
2025-04-14 04:59:45 - ERROR - Error generating sticker: Image not found at C:\Users\niksh\Desktop\Ghibli-Sticker-Studio\grok_output_images_gui\grok_ghibli_output.png
2025-04-14 04:59:59 - INFO - Image uploaded and prompt entered. Waiting for output.
2025-04-14 04:59:59 - INFO - Attempting to save the output image...
2025-04-14 04:59:59 - INFO - Moving mouse to output image coordinates: (1152, 535).
2025-04-14 05:00:00 - INFO - Right-clicking on the output image.
2025-04-14 05:00:02 - INFO - Moving mouse to 'Save image as...' coordinates: (1158, 535).
2025-04-14 05:00:03 - INFO - Clicking 'Save image as...'
2025-04-14 05:00:05 - INFO - Waiting for the save dialog.
2025-04-14 05:00:05 - INFO - Typing output filename: C:\Users\niksh\Desktop\Ghibli-Sticker-Studio\grok_output_images_gui\grok_ghibli_output.png
2025-04-14 05:00:07 - INFO - Pressing Enter to save the image.
2025-04-14 05:00:10 - INFO - Output image saved to: C:\Users\niksh\Desktop\Ghibli-Sticker-Studio\grok_output_images_gui\grok_ghibli_output.png
2025-04-14 05:00:10 - INFO - Ghibli image saved at: C:\Users\niksh\Desktop\Ghibli-Sticker-Studio\grok_output_images_gui\grok_ghibli_output.png
2025-04-14 05:00:10 - INFO - theme_convertor function finished. Returning: C:\Users\niksh\Desktop\Ghibli-Sticker-Studio\grok_output_images_gui\grok_ghibli_output.png
2025-04-14 05:00:10 - INFO - Segmenting image: ./uploads\IMG_0072.JPG
2025-04-14 05:00:10 - INFO - Generating sticker with caption: hijacked, theme: Original, color: #d62b2b
2025-04-14 05:00:10 - ERROR - Error generating sticker: Image not found at C:\Users\niksh\Desktop\Ghibli-Sticker-Studio\grok_output_images_gui\grok_ghibli_output.png
2025-04-14 05:00:11 - INFO - === AI Sticker Studio closed ===
2025-04-14 05:00:11 - INFO - === AI Sticker Studio closed ===
2025-04-14 05:00:11 - INFO - === AI Sticker Studio closed ===
2025-04-14 05:00:11 - INFO - === AI Sticker Studio closed ===
2025-04-14 05:00:11 - INFO - === AI Sticker Studio closed ===
2025-04-14 05:00:11 - INFO - === AI Sticker Studio closed ===
2025-04-14 05:00:11 - INFO - === AI Sticker Studio closed ===
