2025-03-29 15:20:51 - INFO - === AI Sticker Studio started ===
2025-03-29 15:21:05 - INFO - === AI Sticker Studio started ===
2025-03-29 15:21:10 - INFO - === AI Sticker Studio started ===
2025-03-29 15:21:10 - INFO - === AI Sticker Studio started ===
2025-03-29 15:21:10 - INFO - Uploaded file saved: ./uploads\test2.png
2025-03-29 15:21:10 - INFO - Generating sticker with caption: io, theme: Original, color: #FFFFFF
2025-03-29 15:21:10 - ERROR - Error in sticker generation: get_font() missing 1 required positional argument: 'log_filename'
Traceback (most recent call last):
  File "C:\Users\niksh\Desktop\Sticker-Studio\scripts\app.py", line 90, in <module>
    output_path = generate_sticker(file_path, text_input, theme, color, font_filename, log_filename)
                  ^^^^^^^^^^^^^^^^^^^^^^^^^^^^^^^^^^^^^^^^^^^^^^^^^^^^^^^^^^^^^^^^^^^^^^^^^^^^^^^^^^
  File "C:\Users\niksh\Desktop\Sticker-Studio\scripts\model.py", line 24, in generate_sticker
    font_path = get_font(font_key)
                ^^^^^^^^^^^^^^^^^^
TypeError: get_font() missing 1 required positional argument: 'log_filename'
2025-03-29 15:21:15 - INFO - === AI Sticker Studio started ===
2025-03-29 15:21:15 - INFO - Uploaded file saved: ./uploads\test2.png
2025-03-29 15:21:15 - INFO - Generating sticker with caption: io, theme: Original, color: #FFFFFF
2025-03-29 15:21:15 - ERROR - Error in sticker generation: get_font() missing 1 required positional argument: 'log_filename'
Traceback (most recent call last):
  File "C:\Users\niksh\Desktop\Sticker-Studio\scripts\app.py", line 90, in <module>
    output_path = generate_sticker(file_path, text_input, theme, color, font_filename, log_filename)
                  ^^^^^^^^^^^^^^^^^^^^^^^^^^^^^^^^^^^^^^^^^^^^^^^^^^^^^^^^^^^^^^^^^^^^^^^^^^^^^^^^^^
  File "C:\Users\niksh\Desktop\Sticker-Studio\scripts\model.py", line 24, in generate_sticker
    font_path = get_font(font_key)
                ^^^^^^^^^^^^^^^^^^
TypeError: get_font() missing 1 required positional argument: 'log_filename'
2025-03-29 15:21:57 - INFO - === AI Sticker Studio started ===
2025-03-29 15:21:57 - INFO - Uploaded file saved: ./uploads\test2.png
2025-03-29 15:21:57 - INFO - Generating sticker with caption: io, theme: Original, color: #FFFFFF
2025-03-29 15:21:57 - INFO - Sticker successfully saved: ./stickers\sticker_io.png
2025-03-29 15:21:58 - INFO - Sticker successfully generated: ./stickers\sticker_io.png
2025-03-29 15:22:21 - INFO - === AI Sticker Studio closed ===
2025-03-29 15:22:21 - INFO - === AI Sticker Studio closed ===
2025-03-29 15:22:21 - INFO - === AI Sticker Studio closed ===
2025-03-29 15:22:21 - INFO - === AI Sticker Studio closed ===
2025-03-29 15:22:21 - INFO - === AI Sticker Studio closed ===
2025-03-29 15:22:21 - INFO - === AI Sticker Studio closed ===
