2025-04-29 22:50:57 - INFO - === AI Sticker Studio started ===
2025-04-29 22:51:00 - WARNING - Compiled the loaded model, but the compiled metrics have yet to be built. `model.compile_metrics` will be empty until you train or evaluate the model.
2025-04-29 22:51:00 - INFO - Classifier model loaded from: models/Ghibli-normal-classifier/Mobilenet_ghibli_normal.h5
2025-04-29 22:51:02 - WARNING - From C:\Users\niksh\Desktop\Ghibli-Sticker-Studio\.venv-win\Lib\site-packages\keras\src\backend\common\global_state.py:82: The name tf.reset_default_graph is deprecated. Please use tf.compat.v1.reset_default_graph instead.

2025-04-29 22:51:28 - INFO - === AI Sticker Studio started ===
2025-04-29 22:51:32 - WARNING - Compiled the loaded model, but the compiled metrics have yet to be built. `model.compile_metrics` will be empty until you train or evaluate the model.
2025-04-29 22:51:32 - INFO - Classifier model loaded from: models/Ghibli-normal-classifier/Mobilenet_ghibli_normal.h5
2025-04-29 22:51:58 - INFO - === AI Sticker Studio started ===
2025-04-29 22:52:01 - WARNING - Compiled the loaded model, but the compiled metrics have yet to be built. `model.compile_metrics` will be empty until you train or evaluate the model.
2025-04-29 22:52:01 - INFO - Classifier model loaded from: models/Ghibli-normal-classifier/Mobilenet_ghibli_normal.h5
2025-04-29 22:52:05 - INFO - === AI Sticker Studio started ===
2025-04-29 22:52:08 - WARNING - Compiled the loaded model, but the compiled metrics have yet to be built. `model.compile_metrics` will be empty until you train or evaluate the model.
2025-04-29 22:52:08 - INFO - Classifier model loaded from: models/Ghibli-normal-classifier/Mobilenet_ghibli_normal.h5
2025-04-29 22:52:09 - INFO - === AI Sticker Studio started ===
2025-04-29 22:52:11 - WARNING - Compiled the loaded model, but the compiled metrics have yet to be built. `model.compile_metrics` will be empty until you train or evaluate the model.
2025-04-29 22:52:11 - INFO - Classifier model loaded from: models/Ghibli-normal-classifier/Mobilenet_ghibli_normal.h5
2025-04-29 22:52:11 - INFO - Generating image from text: 'trees in a serene forest'
2025-04-29 22:52:16 - ERROR - Image generation from text failed.
2025-04-29 22:53:05 - INFO - === AI Sticker Studio started ===
2025-04-29 22:53:07 - WARNING - Compiled the loaded model, but the compiled metrics have yet to be built. `model.compile_metrics` will be empty until you train or evaluate the model.
2025-04-29 22:53:07 - INFO - Classifier model loaded from: models/Ghibli-normal-classifier/Mobilenet_ghibli_normal.h5
2025-04-29 22:53:07 - INFO - Generating image from text: 'trees in a serene forest'
2025-04-29 22:53:11 - ERROR - Image generation from text failed.
2025-04-29 22:53:26 - INFO - === AI Sticker Studio started ===
2025-04-29 22:53:28 - WARNING - Compiled the loaded model, but the compiled metrics have yet to be built. `model.compile_metrics` will be empty until you train or evaluate the model.
2025-04-29 22:53:28 - INFO - Classifier model loaded from: models/Ghibli-normal-classifier/Mobilenet_ghibli_normal.h5
2025-04-29 22:53:30 - INFO - === AI Sticker Studio started ===
2025-04-29 22:53:32 - WARNING - Compiled the loaded model, but the compiled metrics have yet to be built. `model.compile_metrics` will be empty until you train or evaluate the model.
2025-04-29 22:53:32 - INFO - Classifier model loaded from: models/Ghibli-normal-classifier/Mobilenet_ghibli_normal.h5
2025-04-29 22:53:32 - INFO - Generating image from text: 'pandas in trees'
2025-04-29 22:53:36 - ERROR - Image generation from text failed.
2025-04-29 22:56:46 - INFO - === AI Sticker Studio started ===
2025-04-29 22:56:49 - WARNING - Compiled the loaded model, but the compiled metrics have yet to be built. `model.compile_metrics` will be empty until you train or evaluate the model.
2025-04-29 22:56:50 - INFO - Classifier model loaded from: models/Ghibli-normal-classifier/Mobilenet_ghibli_normal.h5
2025-04-29 22:56:53 - INFO - === AI Sticker Studio started ===
2025-04-29 22:56:56 - WARNING - Compiled the loaded model, but the compiled metrics have yet to be built. `model.compile_metrics` will be empty until you train or evaluate the model.
2025-04-29 22:56:56 - INFO - Classifier model loaded from: models/Ghibli-normal-classifier/Mobilenet_ghibli_normal.h5
2025-04-29 22:56:58 - INFO - === AI Sticker Studio started ===
2025-04-29 22:57:00 - WARNING - Compiled the loaded model, but the compiled metrics have yet to be built. `model.compile_metrics` will be empty until you train or evaluate the model.
2025-04-29 22:57:00 - INFO - Classifier model loaded from: models/Ghibli-normal-classifier/Mobilenet_ghibli_normal.h5
2025-04-29 22:57:00 - INFO - Generating image from text: 'pandas on trees, eating bamboos'
2025-04-29 22:57:21 - INFO - Image successfully generated from text: ghibli images\88f3c8e1083e9507019f473c4a23f6ee6d4c99940acc06dff5f9c3263ac0e630.png
2025-04-29 22:57:21 - INFO - Using generated image directly for segmentation.
2025-04-29 22:57:21 - ERROR - Error in processing sticker from text input: segmentor() got an unexpected keyword argument 'model_name'
Traceback (most recent call last):
  File "C:\Users\niksh\Desktop\Ghibli-Sticker-Studio\src\main.py", line 131, in process_sticker_from_text
    seg_img_path = segmentor(themed_img_path, log_filename, model_name='ghibli')
                   ^^^^^^^^^^^^^^^^^^^^^^^^^^^^^^^^^^^^^^^^^^^^^^^^^^^^^^^^^^^^^
TypeError: segmentor() got an unexpected keyword argument 'model_name'
2025-04-29 22:58:02 - INFO - === AI Sticker Studio closed ===
