2025-04-29 20:27:36 - INFO - === AI Sticker Studio started ===
2025-04-29 20:27:38 - WARNING - Compiled the loaded model, but the compiled metrics have yet to be built. `model.compile_metrics` will be empty until you train or evaluate the model.
2025-04-29 20:27:38 - INFO - Classifier model loaded from: models/Ghibli-normal-classifier/Mobilenet_ghibli_normal.h5
2025-04-29 20:27:39 - WARNING - From C:\Users\niksh\Desktop\Ghibli-Sticker-Studio\.venv-win\Lib\site-packages\keras\src\backend\common\global_state.py:82: The name tf.reset_default_graph is deprecated. Please use tf.compat.v1.reset_default_graph instead.

2025-04-29 20:27:42 - INFO - === AI Sticker Studio started ===
2025-04-29 20:27:42 - WARNING - Compiled the loaded model, but the compiled metrics have yet to be built. `model.compile_metrics` will be empty until you train or evaluate the model.
2025-04-29 20:27:43 - INFO - Classifier model loaded from: models/Ghibli-normal-classifier/Mobilenet_ghibli_normal.h5
2025-04-29 20:27:52 - INFO - === AI Sticker Studio started ===
2025-04-29 20:27:53 - WARNING - Compiled the loaded model, but the compiled metrics have yet to be built. `model.compile_metrics` will be empty until you train or evaluate the model.
2025-04-29 20:27:53 - INFO - Classifier model loaded from: models/Ghibli-normal-classifier/Mobilenet_ghibli_normal.h5
2025-04-29 20:27:54 - INFO - === AI Sticker Studio started ===
2025-04-29 20:27:55 - WARNING - Compiled the loaded model, but the compiled metrics have yet to be built. `model.compile_metrics` will be empty until you train or evaluate the model.
2025-04-29 20:27:55 - INFO - Classifier model loaded from: models/Ghibli-normal-classifier/Mobilenet_ghibli_normal.h5
2025-04-29 20:27:56 - INFO - === AI Sticker Studio started ===
2025-04-29 20:27:56 - INFO - === AI Sticker Studio started ===
2025-04-29 20:27:57 - WARNING - Compiled the loaded model, but the compiled metrics have yet to be built. `model.compile_metrics` will be empty until you train or evaluate the model.
2025-04-29 20:27:57 - WARNING - Compiled the loaded model, but the compiled metrics have yet to be built. `model.compile_metrics` will be empty until you train or evaluate the model.
2025-04-29 20:27:57 - INFO - Classifier model loaded from: models/Ghibli-normal-classifier/Mobilenet_ghibli_normal.h5
2025-04-29 20:27:57 - INFO - Classifier model loaded from: models/Ghibli-normal-classifier/Mobilenet_ghibli_normal.h5
2025-04-29 20:27:59 - INFO - === AI Sticker Studio started ===
2025-04-29 20:27:59 - WARNING - Compiled the loaded model, but the compiled metrics have yet to be built. `model.compile_metrics` will be empty until you train or evaluate the model.
2025-04-29 20:27:59 - INFO - Classifier model loaded from: models/Ghibli-normal-classifier/Mobilenet_ghibli_normal.h5
2025-04-29 20:27:59 - INFO - Generating image from text: 'Horse riding a goat on top'
2025-04-29 20:28:11 - INFO - Image successfully generated from text: ghibli images\ghibli_image_2025-04-29_20-28-10.png
2025-04-29 20:28:11 - INFO - Using generated image directly for segmentation.
2025-04-29 20:28:11 - ERROR - Error in processing sticker from text input: segmentor() got an unexpected keyword argument 'model_name'
Traceback (most recent call last):
  File "C:\Users\niksh\Desktop\Ghibli-Sticker-Studio\src\main.py", line 133, in process_sticker_from_text
    seg_img_path = segmentor(themed_img_path, log_filename, model_name='ghibli')
                   ^^^^^^^^^^^^^^^^^^^^^^^^^^^^^^^^^^^^^^^^^^^^^^^^^^^^^^^^^^^^^
TypeError: segmentor() got an unexpected keyword argument 'model_name'
2025-04-29 20:29:05 - INFO - === AI Sticker Studio closed ===
