2025-04-29 20:30:50 - INFO - === AI Sticker Studio started ===
2025-04-29 20:30:51 - WARNING - Compiled the loaded model, but the compiled metrics have yet to be built. `model.compile_metrics` will be empty until you train or evaluate the model.
2025-04-29 20:30:51 - INFO - Classifier model loaded from: models/Ghibli-normal-classifier/Mobilenet_ghibli_normal.h5
2025-04-29 20:30:52 - WARNING - From C:\Users\niksh\Desktop\Ghibli-Sticker-Studio\.venv-win\Lib\site-packages\keras\src\backend\common\global_state.py:82: The name tf.reset_default_graph is deprecated. Please use tf.compat.v1.reset_default_graph instead.

2025-04-29 20:31:03 - INFO - === AI Sticker Studio started ===
2025-04-29 20:31:04 - WARNING - Compiled the loaded model, but the compiled metrics have yet to be built. `model.compile_metrics` will be empty until you train or evaluate the model.
2025-04-29 20:31:04 - INFO - Classifier model loaded from: models/Ghibli-normal-classifier/Mobilenet_ghibli_normal.h5
2025-04-29 20:31:13 - INFO - === AI Sticker Studio started ===
2025-04-29 20:31:14 - WARNING - Compiled the loaded model, but the compiled metrics have yet to be built. `model.compile_metrics` will be empty until you train or evaluate the model.
2025-04-29 20:31:14 - INFO - Classifier model loaded from: models/Ghibli-normal-classifier/Mobilenet_ghibli_normal.h5
2025-04-29 20:31:16 - INFO - === AI Sticker Studio started ===
2025-04-29 20:31:17 - WARNING - Compiled the loaded model, but the compiled metrics have yet to be built. `model.compile_metrics` will be empty until you train or evaluate the model.
2025-04-29 20:31:17 - INFO - Classifier model loaded from: models/Ghibli-normal-classifier/Mobilenet_ghibli_normal.h5
2025-04-29 20:31:18 - INFO - === AI Sticker Studio started ===
2025-04-29 20:31:19 - WARNING - Compiled the loaded model, but the compiled metrics have yet to be built. `model.compile_metrics` will be empty until you train or evaluate the model.
2025-04-29 20:31:19 - INFO - Classifier model loaded from: models/Ghibli-normal-classifier/Mobilenet_ghibli_normal.h5
2025-04-29 20:31:20 - INFO - === AI Sticker Studio started ===
2025-04-29 20:31:20 - ERROR - Error loading classifier model: 'NoneType' object has no attribute 'pop'
2025-04-29 20:31:21 - INFO - === AI Sticker Studio started ===
2025-04-29 20:31:23 - WARNING - Compiled the loaded model, but the compiled metrics have yet to be built. `model.compile_metrics` will be empty until you train or evaluate the model.
2025-04-29 20:31:23 - INFO - Classifier model loaded from: models/Ghibli-normal-classifier/Mobilenet_ghibli_normal.h5
2025-04-29 20:31:23 - INFO - Generating image from text: 'Tiger and lion fighting'
2025-04-29 20:31:27 - ERROR - Error in processing sticker from text input: stat: path should be string, bytes, os.PathLike or integer, not NoneType
Traceback (most recent call last):
  File "C:\Users\niksh\Desktop\Ghibli-Sticker-Studio\src\main.py", line 121, in process_sticker_from_text
    if not os.path.exists(generated_img_path):
           ^^^^^^^^^^^^^^^^^^^^^^^^^^^^^^^^^^
  File "<frozen genericpath>", line 19, in exists
TypeError: stat: path should be string, bytes, os.PathLike or integer, not NoneType
2025-04-29 20:33:14 - INFO - === AI Sticker Studio closed ===
