2025-04-14 03:53:08 - INFO - === AI Sticker Studio started ===
2025-04-14 03:53:08 - ERROR - Error loading ResNet model: Error when deserializing class 'InputLayer' using config={'batch_shape': [None, 224, 224, 3], 'dtype': 'float32', 'sparse': False, 'name': 'input_layer_2'}.

Exception encountered: Unrecognized keyword arguments: ['batch_shape']. 'Normal' prediction based theming will be skipped.
2025-04-14 03:53:17 - INFO - === AI Sticker Studio started ===
2025-04-14 03:53:17 - ERROR - Error loading ResNet model: Error when deserializing class 'InputLayer' using config={'batch_shape': [None, 224, 224, 3], 'dtype': 'float32', 'sparse': False, 'name': 'input_layer_2'}.

Exception encountered: Unrecognized keyword arguments: ['batch_shape']. 'Normal' prediction based theming will be skipped.
2025-04-14 03:53:26 - INFO - === AI Sticker Studio started ===
2025-04-14 03:53:26 - ERROR - Error loading ResNet model: Error when deserializing class 'InputLayer' using config={'batch_shape': [None, 224, 224, 3], 'dtype': 'float32', 'sparse': False, 'name': 'input_layer_2'}.

Exception encountered: Unrecognized keyword arguments: ['batch_shape']. 'Normal' prediction based theming will be skipped.
2025-04-14 03:53:32 - INFO - === AI Sticker Studio started ===
2025-04-14 03:53:32 - ERROR - Error loading ResNet model: Error when deserializing class 'InputLayer' using config={'batch_shape': [None, 224, 224, 3], 'dtype': 'float32', 'sparse': False, 'name': 'input_layer_2'}.

Exception encountered: Unrecognized keyword arguments: ['batch_shape']. 'Normal' prediction based theming will be skipped.
2025-04-14 03:53:34 - INFO - === AI Sticker Studio started ===
2025-04-14 03:53:34 - ERROR - Error loading ResNet model: Error when deserializing class 'InputLayer' using config={'batch_shape': [None, 224, 224, 3], 'dtype': 'float32', 'sparse': False, 'name': 'input_layer_2'}.

Exception encountered: Unrecognized keyword arguments: ['batch_shape']. 'Normal' prediction based theming will be skipped.
2025-04-14 03:53:36 - INFO - === AI Sticker Studio started ===
2025-04-14 03:53:36 - ERROR - Error loading ResNet model: Error when deserializing class 'InputLayer' using config={'batch_shape': [None, 224, 224, 3], 'dtype': 'float32', 'sparse': False, 'name': 'input_layer_2'}.

Exception encountered: Unrecognized keyword arguments: ['batch_shape']. 'Normal' prediction based theming will be skipped.
2025-04-14 03:53:36 - INFO - Uploaded file saved: ./uploads\grok_ghibli_output.png
2025-04-14 03:53:36 - INFO - Segmenting image: ./uploads\grok_ghibli_output.png
2025-04-14 03:53:36 - INFO - Generating sticker with caption: ghibli??, theme: Original, color: #10d447
2025-04-14 03:53:37 - ERROR - Error creating WhatsApp sticker: [Errno 22] Invalid argument: './stickers\\sticker_ghibli??_03-53-36.webp'
2025-04-14 03:53:37 - ERROR - Error in sticker generation: stat: path should be string, bytes, os.PathLike or integer, not NoneType
Traceback (most recent call last):
  File "C:\Users\niksh\Desktop\Ghibli-Sticker-Studio\src\app.py", line 126, in <module>
    if os.path.exists(output_path):
  File "C:\Users\niksh\AppData\Local\Programs\Python\Python38\lib\genericpath.py", line 19, in exists
    os.stat(path)
TypeError: stat: path should be string, bytes, os.PathLike or integer, not NoneType
2025-04-14 03:56:15 - INFO - === AI Sticker Studio closed ===
2025-04-14 03:56:15 - INFO - === AI Sticker Studio closed ===
2025-04-14 03:56:15 - INFO - === AI Sticker Studio closed ===
2025-04-14 03:56:15 - INFO - === AI Sticker Studio closed ===
2025-04-14 03:56:15 - INFO - === AI Sticker Studio closed ===
2025-04-14 03:56:15 - INFO - === AI Sticker Studio closed ===
