2025-04-14 05:33:26 - INFO - === AI Sticker Studio started ===
2025-04-14 05:33:28 - WARNING - Compiled the loaded model, but the compiled metrics have yet to be built. `model.compile_metrics` will be empty until you train or evaluate the model.
2025-04-14 05:33:28 - INFO - ResNet model loaded from: models\Ghibli-normal-classifier\Resnet_ghibli_normal.h5
2025-04-14 05:33:29 - WARNING - From c:\Users\niksh\Desktop\Ghibli-Sticker-Studio\.venv\Lib\site-packages\keras\src\backend\common\global_state.py:82: The name tf.reset_default_graph is deprecated. Please use tf.compat.v1.reset_default_graph instead.

2025-04-14 05:33:50 - INFO - === AI Sticker Studio started ===
2025-04-14 05:33:51 - WARNING - Compiled the loaded model, but the compiled metrics have yet to be built. `model.compile_metrics` will be empty until you train or evaluate the model.
2025-04-14 05:33:52 - INFO - ResNet model loaded from: models\Ghibli-normal-classifier\Resnet_ghibli_normal.h5
2025-04-14 05:34:03 - INFO - === AI Sticker Studio started ===
2025-04-14 05:34:04 - INFO - === AI Sticker Studio started ===
2025-04-14 05:34:07 - WARNING - Compiled the loaded model, but the compiled metrics have yet to be built. `model.compile_metrics` will be empty until you train or evaluate the model.
2025-04-14 05:34:07 - WARNING - Compiled the loaded model, but the compiled metrics have yet to be built. `model.compile_metrics` will be empty until you train or evaluate the model.
2025-04-14 05:34:07 - INFO - ResNet model loaded from: models\Ghibli-normal-classifier\Resnet_ghibli_normal.h5
2025-04-14 05:34:07 - INFO - ResNet model loaded from: models\Ghibli-normal-classifier\Resnet_ghibli_normal.h5
2025-04-14 05:34:09 - INFO - === AI Sticker Studio started ===
2025-04-14 05:34:11 - WARNING - Compiled the loaded model, but the compiled metrics have yet to be built. `model.compile_metrics` will be empty until you train or evaluate the model.
2025-04-14 05:34:11 - INFO - ResNet model loaded from: models\Ghibli-normal-classifier\Resnet_ghibli_normal.h5
2025-04-14 05:34:11 - INFO - Uploaded file saved: C:\Users\niksh\Desktop\Ghibli-Sticker-Studio\uploads\Camera360_2015_4_13_013444.jpg
2025-04-14 05:34:13 - INFO - Applying Ghibli theme...
2025-04-14 05:34:13 - INFO - Logging configured to file: logs\studio_2025-04-14_05-34-09.log
2025-04-14 05:34:13 - INFO - GrokImageConverterGUI initialized. Output directory: C:\Users\niksh\Desktop\Ghibli-Sticker-Studio\ghibli_images
2025-04-14 05:34:13 - INFO - Attempting to open Edge and navigate to Grok...
2025-04-14 05:34:13 - INFO - Pressing the Windows key.
2025-04-14 05:34:14 - INFO - Typing 'edge'.
2025-04-14 05:34:15 - INFO - Pressing Enter to open Edge.
2025-04-14 05:34:17 - INFO - Moving mouse to address bar coordinates: (309, 70).
2025-04-14 05:34:18 - INFO - Clicking on the address bar.
2025-04-14 05:34:18 - INFO - Writing Grok URL: https://grok.com/chat/c6a8facb-f82c-46ba-be6b-379d0957bd2a
2025-04-14 05:34:19 - INFO - Pressing Enter to navigate to Grok.
2025-04-14 05:34:21 - INFO - Navigated to Grok. Waiting for user login.
2025-04-14 05:34:21 - INFO - Using prompt: Convert this image to a Ghibli style in HD.
2025-04-14 05:34:21 - INFO - Attempting to upload image and enter prompt...
2025-04-14 05:34:21 - INFO - Image found at path: C:\Users\niksh\Desktop\Ghibli-Sticker-Studio\uploads\Camera360_2015_4_13_013444.jpg
2025-04-14 05:34:21 - INFO - Moving mouse to upload button coordinates: (509, 1024).
2025-04-14 05:34:22 - INFO - Clicking the upload button.
2025-04-14 05:34:23 - INFO - Waiting for file dialog to appear.
2025-04-14 05:34:23 - INFO - Moving mouse to the second upload button coordinates: (576, 922).
2025-04-14 05:34:25 - INFO - Clicking the second upload button.
2025-04-14 05:34:26 - INFO - Waiting for file dialog to appear after second click.
2025-04-14 05:34:26 - INFO - Typing image path into file dialog: C:\Users\niksh\Desktop\Ghibli-Sticker-Studio\uploads\Camera360_2015_4_13_013444.jpg
2025-04-14 05:34:30 - INFO - Pressing Enter in the file dialog.
2025-04-14 05:34:33 - INFO - Waiting for image to upload.
2025-04-14 05:34:33 - INFO - Moving mouse to prompt field coordinates: (847, 956).
2025-04-14 05:34:34 - INFO - Clicking on the prompt field.
2025-04-14 05:34:34 - INFO - Writing prompt: Convert this image to a Ghibli style in HD.
2025-04-14 05:34:38 - INFO - Pressing Enter after writing the prompt.
