2025-04-29 21:29:23 - INFO - === AI Sticker Studio started ===
2025-04-29 21:29:24 - WARNING - Compiled the loaded model, but the compiled metrics have yet to be built. `model.compile_metrics` will be empty until you train or evaluate the model.
2025-04-29 21:29:24 - INFO - Classifier model loaded from: models/Ghibli-normal-classifier/Mobilenet_ghibli_normal.h5
2025-04-29 21:29:25 - WARNING - From C:\Users\niksh\Desktop\Ghibli-Sticker-Studio\.venv-win\Lib\site-packages\keras\src\backend\common\global_state.py:82: The name tf.reset_default_graph is deprecated. Please use tf.compat.v1.reset_default_graph instead.

2025-04-29 21:29:31 - INFO - === AI Sticker Studio started ===
2025-04-29 21:29:32 - WARNING - Compiled the loaded model, but the compiled metrics have yet to be built. `model.compile_metrics` will be empty until you train or evaluate the model.
2025-04-29 21:29:32 - INFO - Classifier model loaded from: models/Ghibli-normal-classifier/Mobilenet_ghibli_normal.h5
2025-04-29 21:29:34 - INFO - === AI Sticker Studio started ===
2025-04-29 21:29:35 - WARNING - Compiled the loaded model, but the compiled metrics have yet to be built. `model.compile_metrics` will be empty until you train or evaluate the model.
2025-04-29 21:29:35 - INFO - Classifier model loaded from: models/Ghibli-normal-classifier/Mobilenet_ghibli_normal.h5
2025-04-29 21:29:42 - INFO - === AI Sticker Studio started ===
2025-04-29 21:29:42 - INFO - === AI Sticker Studio started ===
2025-04-29 21:29:44 - WARNING - Compiled the loaded model, but the compiled metrics have yet to be built. `model.compile_metrics` will be empty until you train or evaluate the model.
2025-04-29 21:29:44 - WARNING - Compiled the loaded model, but the compiled metrics have yet to be built. `model.compile_metrics` will be empty until you train or evaluate the model.
2025-04-29 21:29:44 - INFO - Classifier model loaded from: models/Ghibli-normal-classifier/Mobilenet_ghibli_normal.h5
2025-04-29 21:29:44 - INFO - Generating image from text: 'laughing buddha'
2025-04-29 21:29:44 - INFO - Classifier model loaded from: models/Ghibli-normal-classifier/Mobilenet_ghibli_normal.h5
2025-04-29 21:29:56 - INFO - Image successfully generated from text: ghibli images\ghibli_image_2025-04-29_21-29-56.png
2025-04-29 21:29:56 - INFO - Using generated image directly for segmentation.
2025-04-29 21:29:57 - INFO - Successfully created sticker: stickers\sticker_HUHU_21-29-57.webp
2025-04-29 21:29:57 - INFO - Sticker successfully generated from text-based image: stickers\sticker_HUHU_21-29-57.webp
2025-04-29 21:30:27 - INFO - === AI Sticker Studio closed ===
