2025-04-29 22:10:58 - INFO - === AI Sticker Studio started ===
2025-04-29 22:10:59 - WARNING - Compiled the loaded model, but the compiled metrics have yet to be built. `model.compile_metrics` will be empty until you train or evaluate the model.
2025-04-29 22:10:59 - INFO - Classifier model loaded from: models/Ghibli-normal-classifier/Mobilenet_ghibli_normal.h5
2025-04-29 22:11:00 - WARNING - From C:\Users\niksh\Desktop\Ghibli-Sticker-Studio\.venv-win\Lib\site-packages\keras\src\backend\common\global_state.py:82: The name tf.reset_default_graph is deprecated. Please use tf.compat.v1.reset_default_graph instead.

2025-04-29 22:11:05 - INFO - === AI Sticker Studio started ===
2025-04-29 22:11:06 - WARNING - Compiled the loaded model, but the compiled metrics have yet to be built. `model.compile_metrics` will be empty until you train or evaluate the model.
2025-04-29 22:11:06 - INFO - Classifier model loaded from: models/Ghibli-normal-classifier/Mobilenet_ghibli_normal.h5
2025-04-29 22:11:14 - INFO - === AI Sticker Studio started ===
2025-04-29 22:11:15 - WARNING - Compiled the loaded model, but the compiled metrics have yet to be built. `model.compile_metrics` will be empty until you train or evaluate the model.
2025-04-29 22:11:15 - INFO - Classifier model loaded from: models/Ghibli-normal-classifier/Mobilenet_ghibli_normal.h5
2025-04-29 22:11:19 - INFO - === AI Sticker Studio started ===
2025-04-29 22:11:20 - WARNING - Compiled the loaded model, but the compiled metrics have yet to be built. `model.compile_metrics` will be empty until you train or evaluate the model.
2025-04-29 22:11:20 - INFO - Classifier model loaded from: models/Ghibli-normal-classifier/Mobilenet_ghibli_normal.h5
2025-04-29 22:11:21 - INFO - === AI Sticker Studio started ===
2025-04-29 22:11:22 - WARNING - Compiled the loaded model, but the compiled metrics have yet to be built. `model.compile_metrics` will be empty until you train or evaluate the model.
2025-04-29 22:11:22 - INFO - Classifier model loaded from: models/Ghibli-normal-classifier/Mobilenet_ghibli_normal.h5
2025-04-29 22:11:23 - INFO - === AI Sticker Studio started ===
2025-04-29 22:11:23 - ERROR - Error loading classifier model: 'NoneType' object has no attribute 'pop'
2025-04-29 22:11:25 - INFO - === AI Sticker Studio started ===
2025-04-29 22:11:26 - WARNING - Compiled the loaded model, but the compiled metrics have yet to be built. `model.compile_metrics` will be empty until you train or evaluate the model.
2025-04-29 22:11:26 - INFO - Classifier model loaded from: models/Ghibli-normal-classifier/Mobilenet_ghibli_normal.h5
2025-04-29 22:11:26 - INFO - Generating image from text: 'pigs all around'
2025-04-29 22:11:33 - ERROR - Error in processing sticker from text input: stat: path should be string, bytes, os.PathLike or integer, not NoneType
Traceback (most recent call last):
  File "C:\Users\niksh\Desktop\Ghibli-Sticker-Studio\src\main.py", line 119, in process_sticker_from_text
    if not os.path.exists(generated_img_path):
           ^^^^^^^^^^^^^^^^^^^^^^^^^^^^^^^^^^
  File "<frozen genericpath>", line 19, in exists
TypeError: stat: path should be string, bytes, os.PathLike or integer, not NoneType
2025-04-29 22:12:02 - INFO - === AI Sticker Studio started ===
2025-04-29 22:12:03 - WARNING - Compiled the loaded model, but the compiled metrics have yet to be built. `model.compile_metrics` will be empty until you train or evaluate the model.
2025-04-29 22:12:03 - INFO - Classifier model loaded from: models/Ghibli-normal-classifier/Mobilenet_ghibli_normal.h5
2025-04-29 22:12:03 - INFO - Generating image from text: 'pigs all around'
2025-04-29 22:12:06 - ERROR - Error in processing sticker from text input: stat: path should be string, bytes, os.PathLike or integer, not NoneType
Traceback (most recent call last):
  File "C:\Users\niksh\Desktop\Ghibli-Sticker-Studio\src\main.py", line 119, in process_sticker_from_text
    if not os.path.exists(generated_img_path):
           ^^^^^^^^^^^^^^^^^^^^^^^^^^^^^^^^^^
  File "<frozen genericpath>", line 19, in exists
TypeError: stat: path should be string, bytes, os.PathLike or integer, not NoneType
2025-04-29 22:12:13 - INFO - === AI Sticker Studio closed ===
