2025-04-14 05:26:45 - INFO - === AI Sticker Studio started ===
2025-04-14 05:26:47 - WARNING - Compiled the loaded model, but the compiled metrics have yet to be built. `model.compile_metrics` will be empty until you train or evaluate the model.
2025-04-14 05:26:47 - INFO - ResNet model loaded from: models\Ghibli-normal-classifier\Resnet_ghibli_normal.h5
2025-04-14 05:26:48 - WARNING - From c:\Users\niksh\Desktop\Ghibli-Sticker-Studio\.venv\Lib\site-packages\keras\src\backend\common\global_state.py:82: The name tf.reset_default_graph is deprecated. Please use tf.compat.v1.reset_default_graph instead.

2025-04-14 05:26:56 - INFO - === AI Sticker Studio started ===
2025-04-14 05:26:57 - WARNING - Compiled the loaded model, but the compiled metrics have yet to be built. `model.compile_metrics` will be empty until you train or evaluate the model.
2025-04-14 05:26:57 - INFO - ResNet model loaded from: models\Ghibli-normal-classifier\Resnet_ghibli_normal.h5
2025-04-14 05:27:01 - INFO - === AI Sticker Studio started ===
2025-04-14 05:27:01 - INFO - === AI Sticker Studio started ===
2025-04-14 05:27:03 - INFO - === AI Sticker Studio started ===
2025-04-14 05:27:04 - WARNING - Compiled the loaded model, but the compiled metrics have yet to be built. `model.compile_metrics` will be empty until you train or evaluate the model.
2025-04-14 05:27:04 - WARNING - Compiled the loaded model, but the compiled metrics have yet to be built. `model.compile_metrics` will be empty until you train or evaluate the model.
2025-04-14 05:27:04 - INFO - ResNet model loaded from: models\Ghibli-normal-classifier\Resnet_ghibli_normal.h5
2025-04-14 05:27:04 - INFO - ResNet model loaded from: models\Ghibli-normal-classifier\Resnet_ghibli_normal.h5
2025-04-14 05:27:05 - WARNING - Compiled the loaded model, but the compiled metrics have yet to be built. `model.compile_metrics` will be empty until you train or evaluate the model.
2025-04-14 05:27:05 - INFO - ResNet model loaded from: models\Ghibli-normal-classifier\Resnet_ghibli_normal.h5
2025-04-14 05:27:05 - INFO - Uploaded file saved: C:\Users\niksh\Desktop\Ghibli-Sticker-Studio\uploads\Camera360_2014_6_2_104111.jpg
2025-04-14 05:27:07 - INFO - Applying Ghibli theme...
2025-04-14 05:27:07 - INFO - Logging configured to file: logs\studio_2025-04-14_05-27-03.log
2025-04-14 05:27:07 - INFO - GrokImageConverterGUI initialized. Output directory: C:\Users\niksh\Desktop\Ghibli-Sticker-Studio\grok_output_images_gui
2025-04-14 05:27:07 - INFO - Attempting to open Edge and navigate to Grok...
2025-04-14 05:27:07 - INFO - Pressing the Windows key.
2025-04-14 05:27:08 - INFO - Typing 'edge'.
2025-04-14 05:27:09 - INFO - Pressing Enter to open Edge.
2025-04-14 05:27:10 - INFO - Moving mouse to address bar coordinates: (309, 70).
2025-04-14 05:27:12 - INFO - Clicking on the address bar.
2025-04-14 05:27:12 - INFO - Writing Grok URL: https://grok.com/chat/c6a8facb-f82c-46ba-be6b-379d0957bd2a
2025-04-14 05:27:12 - INFO - Pressing Enter to navigate to Grok.
2025-04-14 05:27:14 - INFO - Navigated to Grok. Waiting for user login.
2025-04-14 05:27:14 - INFO - Using prompt: Convert this image to a Ghibli style in HD.
2025-04-14 05:27:14 - INFO - Attempting to upload image and enter prompt...
2025-04-14 05:27:14 - INFO - Image found at path: C:\Users\niksh\Desktop\Ghibli-Sticker-Studio\uploads\Camera360_2014_6_2_104111.jpg
2025-04-14 05:27:14 - INFO - Moving mouse to upload button coordinates: (509, 1024).
2025-04-14 05:27:15 - INFO - Clicking the upload button.
2025-04-14 05:27:16 - INFO - Waiting for file dialog to appear.
2025-04-14 05:27:16 - INFO - Moving mouse to the second upload button coordinates: (576, 922).
2025-04-14 05:27:17 - INFO - Clicking the second upload button.
2025-04-14 05:27:18 - INFO - Waiting for file dialog to appear after second click.
2025-04-14 05:27:18 - INFO - Typing image path into file dialog: C:\Users\niksh\Desktop\Ghibli-Sticker-Studio\uploads\Camera360_2014_6_2_104111.jpg
2025-04-14 05:27:23 - INFO - Pressing Enter in the file dialog.
2025-04-14 05:27:26 - INFO - Waiting for image to upload.
2025-04-14 05:27:26 - INFO - Moving mouse to prompt field coordinates: (847, 956).
2025-04-14 05:27:27 - INFO - Clicking on the prompt field.
2025-04-14 05:27:27 - INFO - Writing prompt: Convert this image to a Ghibli style in HD.
2025-04-14 05:27:30 - INFO - Pressing Enter after writing the prompt.
2025-04-14 05:28:15 - INFO - Image uploaded and prompt entered. Waiting for output.
2025-04-14 05:28:15 - INFO - Attempting to save the output image...
2025-04-14 05:28:15 - INFO - Moving mouse to output image coordinates: (1152, 535).
2025-04-14 05:28:16 - INFO - Right-clicking on the output image.
2025-04-14 05:28:18 - INFO - Moving mouse to 'Save image as...' coordinates: (1158, 535).
2025-04-14 05:28:19 - INFO - Clicking 'Save image as...'
2025-04-14 05:28:21 - INFO - Waiting for the save dialog.
2025-04-14 05:28:21 - INFO - Typing output filename: C:\Users\niksh\Desktop\Ghibli-Sticker-Studio\grok_output_images_gui\grok_ghibli_output_2025-04-14_05-28-21.png
2025-04-14 05:28:23 - INFO - Pressing Enter to save the image.
2025-04-14 05:28:26 - INFO - Output image saved to: C:\Users\niksh\Desktop\Ghibli-Sticker-Studio\grok_output_images_gui\grok_ghibli_output_2025-04-14_05-28-21.png
2025-04-14 05:28:26 - INFO - Ghibli image saved at: C:\Users\niksh\Desktop\Ghibli-Sticker-Studio\grok_output_images_gui\grok_ghibli_output_2025-04-14_05-28-21.png
2025-04-14 05:28:26 - INFO - theme_convertor function finished. Returning: C:\Users\niksh\Desktop\Ghibli-Sticker-Studio\grok_output_images_gui\grok_ghibli_output_2025-04-14_05-28-21.png
2025-04-14 05:28:26 - INFO - Segmenting image: C:\Users\niksh\Desktop\Ghibli-Sticker-Studio\uploads\Camera360_2014_6_2_104111.jpg
2025-04-14 05:28:26 - INFO - Generating sticker with caption: uhij, theme: Original, color: #FFFFFF
2025-04-14 05:28:27 - INFO - Successfully created sticker: ./stickers\sticker_uhij_05-28-27.webp
2025-04-14 05:28:27 - INFO - Sticker successfully generated: ./stickers\sticker_uhij_05-28-27.webp
2025-04-14 05:29:09 - INFO - === AI Sticker Studio closed ===
2025-04-14 05:29:09 - INFO - === AI Sticker Studio closed ===
2025-04-14 05:29:09 - INFO - === AI Sticker Studio closed ===
2025-04-14 05:29:09 - INFO - === AI Sticker Studio closed ===
2025-04-14 05:29:09 - INFO - === AI Sticker Studio closed ===
