2025-03-29 22:00:43 - INFO - === AI Sticker Studio started ===
2025-03-29 22:00:52 - INFO - === AI Sticker Studio started ===
2025-03-29 22:00:58 - INFO - === AI Sticker Studio started ===
2025-03-29 22:01:00 - INFO - === AI Sticker Studio started ===
2025-03-29 22:01:02 - INFO - === AI Sticker Studio started ===
2025-03-29 22:01:06 - INFO - === AI Sticker Studio started ===
2025-03-29 22:01:16 - INFO - === AI Sticker Studio started ===
2025-03-29 22:01:19 - INFO - === AI Sticker Studio started ===
2025-03-29 22:01:20 - INFO - === AI Sticker Studio started ===
2025-03-29 22:01:21 - INFO - === AI Sticker Studio started ===
2025-03-29 22:01:22 - INFO - === AI Sticker Studio started ===
2025-03-29 22:01:24 - INFO - === AI Sticker Studio started ===
2025-03-29 22:01:24 - INFO - Uploaded file saved: ./uploads\test2.png
2025-03-29 22:01:24 - INFO - Segmenting image: ./uploads\test2.png
2025-03-29 22:01:24 - INFO - Theme change to Ghibli
2025-03-29 22:01:24 - INFO - Generating sticker with caption: Caption, theme: Ghibli, color: #f10d0d
2025-03-29 22:01:25 - INFO - Successfully created sticker: ./stickers\sticker_Caption_22-01-25.webp
2025-03-29 22:01:27 - INFO - Sticker successfully generated: ./stickers\sticker_Caption_22-01-25.webp
2025-03-29 22:02:46 - INFO - === AI Sticker Studio closed ===
2025-03-29 22:02:46 - INFO - === AI Sticker Studio closed ===
2025-03-29 22:02:46 - INFO - === AI Sticker Studio closed ===
2025-03-29 22:02:46 - INFO - === AI Sticker Studio closed ===
2025-03-29 22:02:46 - INFO - === AI Sticker Studio closed ===
2025-03-29 22:02:46 - INFO - === AI Sticker Studio closed ===
2025-03-29 22:02:46 - INFO - === AI Sticker Studio closed ===
2025-03-29 22:02:46 - INFO - === AI Sticker Studio closed ===
2025-03-29 22:02:46 - INFO - === AI Sticker Studio closed ===
2025-03-29 22:02:46 - INFO - === AI Sticker Studio closed ===
2025-03-29 22:02:46 - INFO - === AI Sticker Studio closed ===
2025-03-29 22:02:46 - INFO - === AI Sticker Studio closed ===
