2025-04-29 13:38:30 - INFO - === AI Sticker Studio started ===
2025-04-29 13:38:35 - WARNING - Compiled the loaded model, but the compiled metrics have yet to be built. `model.compile_metrics` will be empty until you train or evaluate the model.
2025-04-29 13:38:35 - INFO - Classifier model loaded from: models/Ghibli-normal-classifier/Mobilenet_ghibli_normal.h5
2025-04-29 13:38:53 - INFO - === AI Sticker Studio started ===
2025-04-29 13:38:54 - WARNING - Compiled the loaded model, but the compiled metrics have yet to be built. `model.compile_metrics` will be empty until you train or evaluate the model.
2025-04-29 13:38:54 - INFO - Classifier model loaded from: models/Ghibli-normal-classifier/Mobilenet_ghibli_normal.h5
2025-04-29 13:39:31 - INFO - === AI Sticker Studio started ===
2025-04-29 13:39:32 - WARNING - Compiled the loaded model, but the compiled metrics have yet to be built. `model.compile_metrics` will be empty until you train or evaluate the model.
2025-04-29 13:39:32 - INFO - Classifier model loaded from: models/Ghibli-normal-classifier/Mobilenet_ghibli_normal.h5
2025-04-29 13:39:43 - INFO - === AI Sticker Studio started ===
2025-04-29 13:39:45 - WARNING - Compiled the loaded model, but the compiled metrics have yet to be built. `model.compile_metrics` will be empty until you train or evaluate the model.
2025-04-29 13:39:45 - INFO - Classifier model loaded from: models/Ghibli-normal-classifier/Mobilenet_ghibli_normal.h5
2025-04-29 13:39:49 - INFO - === AI Sticker Studio started ===
2025-04-29 13:39:50 - WARNING - Compiled the loaded model, but the compiled metrics have yet to be built. `model.compile_metrics` will be empty until you train or evaluate the model.
2025-04-29 13:39:50 - INFO - Classifier model loaded from: models/Ghibli-normal-classifier/Mobilenet_ghibli_normal.h5
2025-04-29 13:39:52 - INFO - === AI Sticker Studio started ===
2025-04-29 13:39:53 - WARNING - Compiled the loaded model, but the compiled metrics have yet to be built. `model.compile_metrics` will be empty until you train or evaluate the model.
2025-04-29 13:39:53 - INFO - Classifier model loaded from: models/Ghibli-normal-classifier/Mobilenet_ghibli_normal.h5
2025-04-29 13:39:55 - INFO - === AI Sticker Studio started ===
2025-04-29 13:39:56 - WARNING - Compiled the loaded model, but the compiled metrics have yet to be built. `model.compile_metrics` will be empty until you train or evaluate the model.
2025-04-29 13:39:56 - INFO - Classifier model loaded from: models/Ghibli-normal-classifier/Mobilenet_ghibli_normal.h5
2025-04-29 13:39:56 - INFO - Uploaded file saved: uploads/20250429133956_655985e968ad9733d007fa90bcf549243e1bcde0c65a80d77d92eafc2f84360a.png
2025-04-29 13:39:58 - INFO - Image classified as GHIBLI. Using fine-tuned YOLO model.
2025-04-29 13:39:58 - ERROR - Error in processing sticker from uploaded image: segmentor() got an unexpected keyword argument 'model_type'
Traceback (most recent call last):
  File "/mnt/c/Users/niksh/Desktop/Ghibli-Sticker-Studio/src/main.py", line 89, in process_sticker_from_image
    seg_img_path = segmentor(file_path, log_filename, model_type="ghibli")
                   ^^^^^^^^^^^^^^^^^^^^^^^^^^^^^^^^^^^^^^^^^^^^^^^^^^^^^^^
TypeError: segmentor() got an unexpected keyword argument 'model_type'
2025-04-29 13:40:40 - INFO - === AI Sticker Studio started ===
2025-04-29 13:40:42 - WARNING - Compiled the loaded model, but the compiled metrics have yet to be built. `model.compile_metrics` will be empty until you train or evaluate the model.
2025-04-29 13:40:42 - INFO - Classifier model loaded from: models/Ghibli-normal-classifier/Mobilenet_ghibli_normal.h5
2025-04-29 13:40:42 - INFO - Uploaded file saved: uploads/20250429134042_655985e968ad9733d007fa90bcf549243e1bcde0c65a80d77d92eafc2f84360a.png
2025-04-29 13:40:45 - INFO - Image classified as GHIBLI. Using fine-tuned YOLO model.
2025-04-29 13:40:45 - ERROR - Error in processing sticker from uploaded image: segmentor() got an unexpected keyword argument 'model_type'
Traceback (most recent call last):
  File "/mnt/c/Users/niksh/Desktop/Ghibli-Sticker-Studio/src/main.py", line 89, in process_sticker_from_image
    seg_img_path = segmentor(file_path, log_filename, model_type="ghibli")
                   ^^^^^^^^^^^^^^^^^^^^^^^^^^^^^^^^^^^^^^^^^^^^^^^^^^^^^^^
TypeError: segmentor() got an unexpected keyword argument 'model_type'
2025-04-29 13:41:06 - INFO - === AI Sticker Studio closed ===
