2025-04-29 11:57:08 - INFO - === AI Sticker Studio started ===
2025-04-29 11:57:08 - INFO - === AI Sticker Studio started ===
2025-04-29 11:57:14 - WARNING - Compiled the loaded model, but the compiled metrics have yet to be built. `model.compile_metrics` will be empty until you train or evaluate the model.
2025-04-29 11:57:14 - WARNING - Compiled the loaded model, but the compiled metrics have yet to be built. `model.compile_metrics` will be empty until you train or evaluate the model.
2025-04-29 11:57:14 - INFO - Classifier model loaded from: models/Ghibli-normal-classifier/Mobilenet_ghibli_normal.h5
2025-04-29 11:57:14 - INFO - Classifier model loaded from: models/Ghibli-normal-classifier/Mobilenet_ghibli_normal.h5
2025-04-29 11:57:50 - INFO - === AI Sticker Studio started ===
2025-04-29 11:57:52 - WARNING - Compiled the loaded model, but the compiled metrics have yet to be built. `model.compile_metrics` will be empty until you train or evaluate the model.
2025-04-29 11:57:52 - INFO - Classifier model loaded from: models/Ghibli-normal-classifier/Mobilenet_ghibli_normal.h5
2025-04-29 11:58:12 - INFO - === AI Sticker Studio started ===
2025-04-29 11:58:16 - WARNING - Compiled the loaded model, but the compiled metrics have yet to be built. `model.compile_metrics` will be empty until you train or evaluate the model.
2025-04-29 11:58:16 - INFO - Classifier model loaded from: models/Ghibli-normal-classifier/Mobilenet_ghibli_normal.h5
2025-04-29 11:58:18 - INFO - === AI Sticker Studio started ===
2025-04-29 11:58:22 - INFO - === AI Sticker Studio started ===
2025-04-29 11:58:22 - WARNING - Compiled the loaded model, but the compiled metrics have yet to be built. `model.compile_metrics` will be empty until you train or evaluate the model.
2025-04-29 11:58:22 - INFO - Classifier model loaded from: models/Ghibli-normal-classifier/Mobilenet_ghibli_normal.h5
2025-04-29 11:58:23 - ERROR - Error loading classifier model: 'NoneType' object has no attribute 'pop'
2025-04-29 11:58:26 - INFO - === AI Sticker Studio started ===
2025-04-29 11:58:27 - INFO - === AI Sticker Studio started ===
2025-04-29 11:58:30 - INFO - === AI Sticker Studio started ===
2025-04-29 11:58:37 - WARNING - Compiled the loaded model, but the compiled metrics have yet to be built. `model.compile_metrics` will be empty until you train or evaluate the model.
2025-04-29 11:58:37 - INFO - Classifier model loaded from: models/Ghibli-normal-classifier/Mobilenet_ghibli_normal.h5
2025-04-29 11:58:37 - WARNING - Compiled the loaded model, but the compiled metrics have yet to be built. `model.compile_metrics` will be empty until you train or evaluate the model.
2025-04-29 11:58:38 - INFO - Classifier model loaded from: models/Ghibli-normal-classifier/Mobilenet_ghibli_normal.h5
2025-04-29 11:58:38 - WARNING - Compiled the loaded model, but the compiled metrics have yet to be built. `model.compile_metrics` will be empty until you train or evaluate the model.
2025-04-29 11:58:38 - INFO - Classifier model loaded from: models/Ghibli-normal-classifier/Mobilenet_ghibli_normal.h5
2025-04-29 11:58:53 - INFO - === AI Sticker Studio started ===
2025-04-29 11:58:57 - WARNING - Compiled the loaded model, but the compiled metrics have yet to be built. `model.compile_metrics` will be empty until you train or evaluate the model.
2025-04-29 11:58:57 - INFO - Classifier model loaded from: models/Ghibli-normal-classifier/Mobilenet_ghibli_normal.h5
2025-04-29 11:58:57 - INFO - Generating image from text: 'a boy punished by teacher to kneel down'
2025-04-29 11:59:17 - INFO - Image successfully generated from text: ghibli images/028bcacb213416aa18e7223a9088b23f1344d1b7f8b4dfabea55c840cea00536.png
2025-04-29 11:59:17 - INFO - Using generated image directly for segmentation.
2025-04-29 11:59:19 - INFO - Successfully created sticker: stickers/sticker_Got fucked by teacher_11-59-17.webp
2025-04-29 11:59:19 - INFO - Sticker successfully generated from text-based image: stickers/sticker_Got fucked by teacher_11-59-17.webp
2025-04-29 11:59:29 - INFO - === AI Sticker Studio started ===
2025-04-29 11:59:34 - WARNING - Compiled the loaded model, but the compiled metrics have yet to be built. `model.compile_metrics` will be empty until you train or evaluate the model.
2025-04-29 11:59:34 - INFO - Classifier model loaded from: models/Ghibli-normal-classifier/Mobilenet_ghibli_normal.h5
2025-04-29 12:01:23 - INFO - === AI Sticker Studio started ===
2025-04-29 12:01:28 - WARNING - Compiled the loaded model, but the compiled metrics have yet to be built. `model.compile_metrics` will be empty until you train or evaluate the model.
2025-04-29 12:01:28 - INFO - Classifier model loaded from: models/Ghibli-normal-classifier/Mobilenet_ghibli_normal.h5
2025-04-29 12:01:32 - INFO - === AI Sticker Studio started ===
2025-04-29 12:01:37 - WARNING - Compiled the loaded model, but the compiled metrics have yet to be built. `model.compile_metrics` will be empty until you train or evaluate the model.
2025-04-29 12:01:37 - INFO - Classifier model loaded from: models/Ghibli-normal-classifier/Mobilenet_ghibli_normal.h5
2025-04-29 12:01:54 - INFO - === AI Sticker Studio started ===
2025-04-29 12:01:54 - INFO - === AI Sticker Studio started ===
2025-04-29 12:02:00 - WARNING - Compiled the loaded model, but the compiled metrics have yet to be built. `model.compile_metrics` will be empty until you train or evaluate the model.
2025-04-29 12:02:00 - INFO - Classifier model loaded from: models/Ghibli-normal-classifier/Mobilenet_ghibli_normal.h5
2025-04-29 12:02:00 - INFO - Generating image from text: 'Guy hanging upside down the tree branch whiuch his legs resting on tree branch'
2025-04-29 12:02:00 - WARNING - Compiled the loaded model, but the compiled metrics have yet to be built. `model.compile_metrics` will be empty until you train or evaluate the model.
2025-04-29 12:02:00 - INFO - Classifier model loaded from: models/Ghibli-normal-classifier/Mobilenet_ghibli_normal.h5
2025-04-29 12:02:18 - INFO - Image successfully generated from text: ghibli images/31ea153f759e3ea0ae4aa0e9d28c579a5029bd9e99b2d34f18b6d13fb18ad831.png
2025-04-29 12:02:18 - INFO - Using generated image directly for segmentation.
2025-04-29 12:02:19 - INFO - Successfully created sticker: stickers/sticker_Chilling _12-02-18.webp
2025-04-29 12:02:19 - INFO - Sticker successfully generated from text-based image: stickers/sticker_Chilling _12-02-18.webp
2025-04-29 12:03:13 - INFO - === AI Sticker Studio started ===
2025-04-29 12:03:17 - WARNING - Compiled the loaded model, but the compiled metrics have yet to be built. `model.compile_metrics` will be empty until you train or evaluate the model.
2025-04-29 12:03:17 - INFO - Classifier model loaded from: models/Ghibli-normal-classifier/Mobilenet_ghibli_normal.h5
2025-04-29 12:03:26 - INFO - === AI Sticker Studio started ===
2025-04-29 12:03:30 - WARNING - Compiled the loaded model, but the compiled metrics have yet to be built. `model.compile_metrics` will be empty until you train or evaluate the model.
2025-04-29 12:03:30 - INFO - Classifier model loaded from: models/Ghibli-normal-classifier/Mobilenet_ghibli_normal.h5
2025-04-29 12:03:43 - INFO - === AI Sticker Studio started ===
2025-04-29 12:03:47 - WARNING - Compiled the loaded model, but the compiled metrics have yet to be built. `model.compile_metrics` will be empty until you train or evaluate the model.
2025-04-29 12:03:47 - INFO - Classifier model loaded from: models/Ghibli-normal-classifier/Mobilenet_ghibli_normal.h5
2025-04-29 12:03:58 - INFO - === AI Sticker Studio started ===
2025-04-29 12:03:58 - INFO - === AI Sticker Studio started ===
2025-04-29 12:04:05 - WARNING - Compiled the loaded model, but the compiled metrics have yet to be built. `model.compile_metrics` will be empty until you train or evaluate the model.
2025-04-29 12:04:05 - INFO - Classifier model loaded from: models/Ghibli-normal-classifier/Mobilenet_ghibli_normal.h5
2025-04-29 12:04:05 - WARNING - Compiled the loaded model, but the compiled metrics have yet to be built. `model.compile_metrics` will be empty until you train or evaluate the model.
2025-04-29 12:04:05 - INFO - Classifier model loaded from: models/Ghibli-normal-classifier/Mobilenet_ghibli_normal.h5
2025-04-29 12:04:05 - INFO - Generating image from text: 'Beautiful nude girl '
2025-04-29 12:04:09 - ERROR - Error in processing sticker from text input: stat: path should be string, bytes, os.PathLike or integer, not NoneType
Traceback (most recent call last):
  File "/mnt/c/Users/niksh/Desktop/Ghibli-Sticker-Studio/src/main.py", line 212, in process_sticker_from_text
    if not os.path.exists(generated_img_path):
           ^^^^^^^^^^^^^^^^^^^^^^^^^^^^^^^^^^
  File "<frozen genericpath>", line 19, in exists
TypeError: stat: path should be string, bytes, os.PathLike or integer, not NoneType
2025-04-29 12:04:44 - INFO - === AI Sticker Studio closed ===
